<?xml version="1.0" encoding="UTF-8" ?>
<testsuite tests="14" failures="0" name="com.sludev.commons.vfs2.provider.azure.AzFileProviderTest" time="0.388" errors="14" skipped="0">
  <properties>
    <property name="java.runtime.name" value="OpenJDK Runtime Environment"/>
    <property name="java.vm.version" value="17.0.1+12"/>
    <property name="sun.boot.library.path" value="C:\Users\patri\.p2\pool\plugins\org.eclipse.justj.openjdk.hotspot.jre.full.win32.x86_64_17.0.1.v20211116-1657\jre\bin"/>
    <property name="maven.multiModuleProjectDirectory" value="C:\Users\patri\leanera-repository\vfs-azure"/>
    <property name="java.vm.vendor" value="Eclipse Adoptium"/>
    <property name="java.vendor.url" value="https://adoptium.net/"/>
    <property name="guice.disable.misplaced.annotation.check" value="true"/>
    <property name="path.separator" value=";"/>
    <property name="java.vm.name" value="OpenJDK 64-Bit Server VM"/>
    <property name="sun.os.patch.level" value=""/>
    <property name="user.script" value=""/>
    <property name="user.country" value="DE"/>
    <property name="sun.java.launcher" value="SUN_STANDARD"/>
    <property name="java.vm.specification.name" value="Java Virtual Machine Specification"/>
    <property name="user.dir" value="C:\Users\patri\leanera-repository\vfs-azure"/>
    <property name="java.vm.compressedOopsMode" value="Zero based"/>
    <property name="java.runtime.version" value="17.0.1+12"/>
    <property name="os.arch" value="amd64"/>
    <property name="java.io.tmpdir" value="C:\Users\patri\AppData\Local\Temp\"/>
    <property name="line.separator" value="
"/>
    <property name="java.vm.specification.vendor" value="Oracle Corporation"/>
    <property name="user.variant" value=""/>
    <property name="os.name" value="Windows 10"/>
    <property name="classworlds.conf" value="C:\workspace\fpo\fpo\Workspace\.metadata\.plugins\org.eclipse.m2e.launching\launches\m2conf5855934046567233717.tmp"/>
    <property name="sun.jnu.encoding" value="Cp1252"/>
    <property name="java.library.path" value="C:\Users\patri\.p2\pool\plugins\org.eclipse.justj.openjdk.hotspot.jre.full.win32.x86_64_17.0.1.v20211116-1657\jre\bin;C:\WINDOWS\Sun\Java\bin;C:\WINDOWS\system32;C:\WINDOWS;C:/Users/patri/.p2/pool/plugins/org.eclipse.justj.openjdk.hotspot.jre.full.win32.x86_64_17.0.1.v20211116-1657/jre/bin/server;C:/Users/patri/.p2/pool/plugins/org.eclipse.justj.openjdk.hotspot.jre.full.win32.x86_64_17.0.1.v20211116-1657/jre/bin;C:\Program Files\Common Files\Oracle\Java\javapath;C:\Program Files (x86)\Common Files\Oracle\Java\javapath;C:\Program Files\Microsoft\jdk-11.0.12.7-hotspot\bin;C:\WINDOWS\system32;C:\WINDOWS;C:\WINDOWS\System32\Wbem;C:\WINDOWS\System32\WindowsPowerShell\v1.0\;C:\WINDOWS\System32\OpenSSH\;C:\Program Files\Microsoft SQL Server\150\Tools\Binn\;C:\Program Files\Microsoft SQL Server\Client SDK\ODBC\170\Tools\Binn\;C:\Program Files\dotnet\;C:\Program Files\PuTTY\;C:\Program Files\Amazon\AWSCLIV2\;C:\Program Files\Git\cmd;C:\Program Files\MySQL\MySQL Shell 8.0\bin\;C:\Users\patri\AppData\Local\Microsoft\WindowsApps;C:\Users\patri\.dotnet\tools;C:\Microsoft VS Code\bin;;C:\WINDOWS\system32;;."/>
    <property name="jdk.debug" value="release"/>
    <property name="java.class.version" value="61.0"/>
    <property name="java.specification.name" value="Java Platform API Specification"/>
    <property name="sun.management.compiler" value="HotSpot 64-Bit Tiered Compilers"/>
    <property name="os.version" value="10.0"/>
    <property name="user.home" value="C:\Users\patri"/>
    <property name="user.timezone" value="Europe/Berlin"/>
    <property name="file.encoding" value="UTF-8"/>
    <property name="java.specification.version" value="17"/>
    <property name="user.name" value="patri"/>
    <property name="java.class.path" value="C:\Users\patri\.p2\pool\plugins\org.eclipse.m2e.maven.runtime_1.18.0.20210618-2246\jars\plexus-classworlds-2.6.0.jar"/>
    <property name="java.vm.specification.version" value="17"/>
    <property name="sun.arch.data.model" value="64"/>
    <property name="sun.java.command" value="org.codehaus.plexus.classworlds.launcher.Launcher -B clean package"/>
    <property name="java.home" value="C:\Users\patri\.p2\pool\plugins\org.eclipse.justj.openjdk.hotspot.jre.full.win32.x86_64_17.0.1.v20211116-1657\jre"/>
    <property name="user.language" value="de"/>
    <property name="java.specification.vendor" value="Oracle Corporation"/>
    <property name="java.vm.info" value="mixed mode"/>
    <property name="java.version" value="17.0.1"/>
    <property name="native.encoding" value="Cp1252"/>
    <property name="java.vendor" value="Eclipse Adoptium"/>
    <property name="maven.home" value="C:\Users\patri\leanera-repository\vfs-azure\EMBEDDED"/>
    <property name="file.separator" value="\"/>
    <property name="java.version.date" value="2021-10-19"/>
    <property name="java.vendor.url.bug" value="https://github.com/adoptium/adoptium-support/issues"/>
    <property name="sun.io.unicode.encoding" value="UnicodeLittle"/>
    <property name="sun.cpu.endian" value="little"/>
    <property name="java.vendor.version" value="Temurin-17.0.1+12"/>
    <property name="sun.cpu.isalist" value="amd64"/>
  </properties>
  <testcase classname="com.sludev.commons.vfs2.provider.azure.AzFileProviderTest" name="A001_uploadFile" time="0.173">
    <error message="Invalid absolute URI &quot;azsb://null/***YOUR TEST CONTAINER***/test01.tmp&quot;." type="org.apache.commons.vfs2.FileSystemException">org.apache.commons.vfs2.FileSystemException: Invalid absolute URI &quot;azsb://null/***YOUR TEST CONTAINER***/test01.tmp&quot;.
	at org.apache.commons.vfs2.provider.AbstractOriginatingFileProvider.findFile(AbstractOriginatingFileProvider.java:51)
	at org.apache.commons.vfs2.impl.DefaultFileSystemManager.resolveFile(DefaultFileSystemManager.java:716)
	at org.apache.commons.vfs2.impl.DefaultFileSystemManager.resolveFile(DefaultFileSystemManager.java:653)
	at com.sludev.commons.vfs2.provider.azure.AzFileProviderTest.A001_uploadFile(AzFileProviderTest.java:136)
	at java.base/jdk.internal.reflect.NativeMethodAccessorImpl.invoke0(Native Method)
	at java.base/jdk.internal.reflect.NativeMethodAccessorImpl.invoke(NativeMethodAccessorImpl.java:77)
	at java.base/jdk.internal.reflect.DelegatingMethodAccessorImpl.invoke(DelegatingMethodAccessorImpl.java:43)
	at java.base/java.lang.reflect.Method.invoke(Method.java:568)
	at org.junit.runners.model.FrameworkMethod$1.runReflectiveCall(FrameworkMethod.java:50)
	at org.junit.internal.runners.model.ReflectiveCallable.run(ReflectiveCallable.java:12)
	at org.junit.runners.model.FrameworkMethod.invokeExplosively(FrameworkMethod.java:47)
	at org.junit.internal.runners.statements.InvokeMethod.evaluate(InvokeMethod.java:17)
	at org.junit.internal.runners.statements.RunBefores.evaluate(RunBefores.java:26)
	at org.junit.internal.runners.statements.RunAfters.evaluate(RunAfters.java:27)
	at org.junit.rules.TestWatcher$1.evaluate(TestWatcher.java:55)
	at org.junit.rules.RunRules.evaluate(RunRules.java:20)
	at org.junit.runners.ParentRunner.runLeaf(ParentRunner.java:325)
	at org.junit.runners.BlockJUnit4ClassRunner.runChild(BlockJUnit4ClassRunner.java:78)
	at org.junit.runners.BlockJUnit4ClassRunner.runChild(BlockJUnit4ClassRunner.java:57)
	at org.junit.runners.ParentRunner$3.run(ParentRunner.java:290)
	at org.junit.runners.ParentRunner$1.schedule(ParentRunner.java:71)
	at org.junit.runners.ParentRunner.runChildren(ParentRunner.java:288)
	at org.junit.runners.ParentRunner.access$000(ParentRunner.java:58)
	at org.junit.runners.ParentRunner$2.evaluate(ParentRunner.java:268)
	at org.junit.internal.runners.statements.RunBefores.evaluate(RunBefores.java:26)
	at org.junit.internal.runners.statements.RunAfters.evaluate(RunAfters.java:27)
	at org.junit.runners.ParentRunner.run(ParentRunner.java:363)
	at org.apache.maven.surefire.junit4.JUnit4Provider.execute(JUnit4Provider.java:252)
	at org.apache.maven.surefire.junit4.JUnit4Provider.executeTestSet(JUnit4Provider.java:141)
	at org.apache.maven.surefire.junit4.JUnit4Provider.invoke(JUnit4Provider.java:112)
	at java.base/jdk.internal.reflect.NativeMethodAccessorImpl.invoke0(Native Method)
	at java.base/jdk.internal.reflect.NativeMethodAccessorImpl.invoke(NativeMethodAccessorImpl.java:77)
	at java.base/jdk.internal.reflect.DelegatingMethodAccessorImpl.invoke(DelegatingMethodAccessorImpl.java:43)
	at java.base/java.lang.reflect.Method.invoke(Method.java:568)
	at org.apache.maven.surefire.util.ReflectionUtils.invokeMethodWithArray(ReflectionUtils.java:189)
	at org.apache.maven.surefire.booter.ProviderFactory$ProviderProxy.invoke(ProviderFactory.java:165)
	at org.apache.maven.surefire.booter.ProviderFactory.invokeProvider(ProviderFactory.java:85)
	at org.apache.maven.surefire.booter.ForkedBooter.runSuitesInProcess(ForkedBooter.java:115)
	at org.apache.maven.surefire.booter.ForkedBooter.main(ForkedBooter.java:75)
Caused by: org.apache.commons.vfs2.FileSystemException: Expecting // to follow the scheme in URI &quot;azsb://null/***YOUR TEST CONTAINER***/test01.tmp&quot;.
	at org.apache.commons.vfs2.provider.HostFileNameParser.extractToPath(HostFileNameParser.java:79)
	at org.apache.commons.vfs2.provider.URLFileNameParser.parseUri(URLFileNameParser.java:47)
	at org.apache.commons.vfs2.provider.AbstractFileProvider.parseUri(AbstractFileProvider.java:179)
	at org.apache.commons.vfs2.provider.AbstractOriginatingFileProvider.findFile(AbstractOriginatingFileProvider.java:49)
	... 38 more
</error>
    <system-out>22:26:55.932 [main] DEBUG com.sludev.commons.vfs2.provider.azure.AzFileProviderTest - Error setting up remote folder structure.  Have you set the test001.properties file?
org.apache.commons.vfs2.FileSystemException: Invalid absolute URI &quot;azsb://null/***YOUR TEST CONTAINER***/uploadFile02\dir01\file01&quot;.
	at org.apache.commons.vfs2.provider.AbstractOriginatingFileProvider.findFile(AbstractOriginatingFileProvider.java:51) ~[commons-vfs2-2.3.jar:2.3]
	at org.apache.commons.vfs2.impl.DefaultFileSystemManager.resolveFile(DefaultFileSystemManager.java:716) ~[commons-vfs2-2.3.jar:2.3]
	at org.apache.commons.vfs2.impl.DefaultFileSystemManager.resolveFile(DefaultFileSystemManager.java:653) ~[commons-vfs2-2.3.jar:2.3]
	at com.sludev.commons.vfs2.provider.azure.AzTestUtils.uploadFile(AzTestUtils.java:54) ~[test-classes/:?]
	at com.sludev.commons.vfs2.provider.azure.AzFileProviderTest.uploadFileSetup02(AzFileProviderTest.java:377) ~[test-classes/:?]
	at com.sludev.commons.vfs2.provider.azure.AzFileProviderTest.setUp(AzFileProviderTest.java:80) [test-classes/:?]
	at jdk.internal.reflect.NativeMethodAccessorImpl.invoke0(Native Method) ~[?:?]
	at jdk.internal.reflect.NativeMethodAccessorImpl.invoke(NativeMethodAccessorImpl.java:77) ~[?:?]
	at jdk.internal.reflect.DelegatingMethodAccessorImpl.invoke(DelegatingMethodAccessorImpl.java:43) ~[?:?]
	at java.lang.reflect.Method.invoke(Method.java:568) ~[?:?]
	at org.junit.runners.model.FrameworkMethod$1.runReflectiveCall(FrameworkMethod.java:50) [junit-4.12.jar:4.12]
	at org.junit.internal.runners.model.ReflectiveCallable.run(ReflectiveCallable.java:12) [junit-4.12.jar:4.12]
	at org.junit.runners.model.FrameworkMethod.invokeExplosively(FrameworkMethod.java:47) [junit-4.12.jar:4.12]
	at org.junit.internal.runners.statements.RunBefores.evaluate(RunBefores.java:24) [junit-4.12.jar:4.12]
	at org.junit.internal.runners.statements.RunAfters.evaluate(RunAfters.java:27) [junit-4.12.jar:4.12]
	at org.junit.rules.TestWatcher$1.evaluate(TestWatcher.java:55) [junit-4.12.jar:4.12]
	at org.junit.rules.RunRules.evaluate(RunRules.java:20) [junit-4.12.jar:4.12]
	at org.junit.runners.ParentRunner.runLeaf(ParentRunner.java:325) [junit-4.12.jar:4.12]
	at org.junit.runners.BlockJUnit4ClassRunner.runChild(BlockJUnit4ClassRunner.java:78) [junit-4.12.jar:4.12]
	at org.junit.runners.BlockJUnit4ClassRunner.runChild(BlockJUnit4ClassRunner.java:57) [junit-4.12.jar:4.12]
	at org.junit.runners.ParentRunner$3.run(ParentRunner.java:290) [junit-4.12.jar:4.12]
	at org.junit.runners.ParentRunner$1.schedule(ParentRunner.java:71) [junit-4.12.jar:4.12]
	at org.junit.runners.ParentRunner.runChildren(ParentRunner.java:288) [junit-4.12.jar:4.12]
	at org.junit.runners.ParentRunner.access$000(ParentRunner.java:58) [junit-4.12.jar:4.12]
	at org.junit.runners.ParentRunner$2.evaluate(ParentRunner.java:268) [junit-4.12.jar:4.12]
	at org.junit.internal.runners.statements.RunBefores.evaluate(RunBefores.java:26) [junit-4.12.jar:4.12]
	at org.junit.internal.runners.statements.RunAfters.evaluate(RunAfters.java:27) [junit-4.12.jar:4.12]
	at org.junit.runners.ParentRunner.run(ParentRunner.java:363) [junit-4.12.jar:4.12]
	at org.apache.maven.surefire.junit4.JUnit4Provider.execute(JUnit4Provider.java:252) [surefire-junit4-2.12.4.jar:2.12.4]
	at org.apache.maven.surefire.junit4.JUnit4Provider.executeTestSet(JUnit4Provider.java:141) [surefire-junit4-2.12.4.jar:2.12.4]
	at org.apache.maven.surefire.junit4.JUnit4Provider.invoke(JUnit4Provider.java:112) [surefire-junit4-2.12.4.jar:2.12.4]
	at jdk.internal.reflect.NativeMethodAccessorImpl.invoke0(Native Method) ~[?:?]
	at jdk.internal.reflect.NativeMethodAccessorImpl.invoke(NativeMethodAccessorImpl.java:77) ~[?:?]
	at jdk.internal.reflect.DelegatingMethodAccessorImpl.invoke(DelegatingMethodAccessorImpl.java:43) ~[?:?]
	at java.lang.reflect.Method.invoke(Method.java:568) ~[?:?]
	at org.apache.maven.surefire.util.ReflectionUtils.invokeMethodWithArray(ReflectionUtils.java:189) [surefire-api-2.12.4.jar:2.12.4]
	at org.apache.maven.surefire.booter.ProviderFactory$ProviderProxy.invoke(ProviderFactory.java:165) [surefire-booter-2.12.4.jar:2.12.4]
	at org.apache.maven.surefire.booter.ProviderFactory.invokeProvider(ProviderFactory.java:85) [surefire-booter-2.12.4.jar:2.12.4]
	at org.apache.maven.surefire.booter.ForkedBooter.runSuitesInProcess(ForkedBooter.java:115) [surefire-booter-2.12.4.jar:2.12.4]
	at org.apache.maven.surefire.booter.ForkedBooter.main(ForkedBooter.java:75) [surefire-booter-2.12.4.jar:2.12.4]
Caused by: org.apache.commons.vfs2.FileSystemException: Expecting // to follow the scheme in URI &quot;azsb://null/***YOUR TEST CONTAINER***/uploadFile02\dir01\file01&quot;.
	at org.apache.commons.vfs2.provider.HostFileNameParser.extractToPath(HostFileNameParser.java:79) ~[commons-vfs2-2.3.jar:2.3]
	at org.apache.commons.vfs2.provider.URLFileNameParser.parseUri(URLFileNameParser.java:47) ~[commons-vfs2-2.3.jar:2.3]
	at org.apache.commons.vfs2.provider.AbstractFileProvider.parseUri(AbstractFileProvider.java:179) ~[commons-vfs2-2.3.jar:2.3]
	at org.apache.commons.vfs2.provider.AbstractOriginatingFileProvider.findFile(AbstractOriginatingFileProvider.java:49) ~[commons-vfs2-2.3.jar:2.3]
	... 39 more
22:26:55.949 [main] INFO  com.sludev.commons.vfs2.provider.azure.AzTestWatcher - A001_uploadFile(com.sludev.commons.vfs2.provider.azure.AzFileProviderTest) failed There were 2 errors:
  org.apache.commons.vfs2.FileSystemException(Invalid absolute URI &quot;azsb://null/***YOUR TEST CONTAINER***/test01.tmp&quot;.)
  org.apache.commons.vfs2.FileSystemException(Invalid absolute URI &quot;azsb://null/***YOUR TEST CONTAINER***/uploadFile02\dir01\file01&quot;.)
</system-out>
  </testcase>
  <testcase classname="com.sludev.commons.vfs2.provider.azure.AzFileProviderTest" name="A001_uploadFile" time="0.174">
    <error message="Invalid absolute URI &quot;azsb://null/***YOUR TEST CONTAINER***/uploadFile02\dir01\file01&quot;." type="org.apache.commons.vfs2.FileSystemException">org.apache.commons.vfs2.FileSystemException: Invalid absolute URI &quot;azsb://null/***YOUR TEST CONTAINER***/uploadFile02\dir01\file01&quot;.
	at org.apache.commons.vfs2.provider.AbstractOriginatingFileProvider.findFile(AbstractOriginatingFileProvider.java:51)
	at org.apache.commons.vfs2.impl.DefaultFileSystemManager.resolveFile(DefaultFileSystemManager.java:716)
	at org.apache.commons.vfs2.impl.DefaultFileSystemManager.resolveFile(DefaultFileSystemManager.java:653)
	at com.sludev.commons.vfs2.provider.azure.AzTestUtils.deleteFile(AzTestUtils.java:77)
	at com.sludev.commons.vfs2.provider.azure.AzFileProviderTest.removeFileSetup02(AzFileProviderTest.java:350)
	at com.sludev.commons.vfs2.provider.azure.AzFileProviderTest.tearDown(AzFileProviderTest.java:101)
	at java.base/jdk.internal.reflect.NativeMethodAccessorImpl.invoke0(Native Method)
	at java.base/jdk.internal.reflect.NativeMethodAccessorImpl.invoke(NativeMethodAccessorImpl.java:77)
	at java.base/jdk.internal.reflect.DelegatingMethodAccessorImpl.invoke(DelegatingMethodAccessorImpl.java:43)
	at java.base/java.lang.reflect.Method.invoke(Method.java:568)
	at org.junit.runners.model.FrameworkMethod$1.runReflectiveCall(FrameworkMethod.java:50)
	at org.junit.internal.runners.model.ReflectiveCallable.run(ReflectiveCallable.java:12)
	at org.junit.runners.model.FrameworkMethod.invokeExplosively(FrameworkMethod.java:47)
	at org.junit.internal.runners.statements.RunAfters.evaluate(RunAfters.java:33)
	at org.junit.rules.TestWatcher$1.evaluate(TestWatcher.java:55)
	at org.junit.rules.RunRules.evaluate(RunRules.java:20)
	at org.junit.runners.ParentRunner.runLeaf(ParentRunner.java:325)
	at org.junit.runners.BlockJUnit4ClassRunner.runChild(BlockJUnit4ClassRunner.java:78)
	at org.junit.runners.BlockJUnit4ClassRunner.runChild(BlockJUnit4ClassRunner.java:57)
	at org.junit.runners.ParentRunner$3.run(ParentRunner.java:290)
	at org.junit.runners.ParentRunner$1.schedule(ParentRunner.java:71)
	at org.junit.runners.ParentRunner.runChildren(ParentRunner.java:288)
	at org.junit.runners.ParentRunner.access$000(ParentRunner.java:58)
	at org.junit.runners.ParentRunner$2.evaluate(ParentRunner.java:268)
	at org.junit.internal.runners.statements.RunBefores.evaluate(RunBefores.java:26)
	at org.junit.internal.runners.statements.RunAfters.evaluate(RunAfters.java:27)
	at org.junit.runners.ParentRunner.run(ParentRunner.java:363)
	at org.apache.maven.surefire.junit4.JUnit4Provider.execute(JUnit4Provider.java:252)
	at org.apache.maven.surefire.junit4.JUnit4Provider.executeTestSet(JUnit4Provider.java:141)
	at org.apache.maven.surefire.junit4.JUnit4Provider.invoke(JUnit4Provider.java:112)
	at java.base/jdk.internal.reflect.NativeMethodAccessorImpl.invoke0(Native Method)
	at java.base/jdk.internal.reflect.NativeMethodAccessorImpl.invoke(NativeMethodAccessorImpl.java:77)
	at java.base/jdk.internal.reflect.DelegatingMethodAccessorImpl.invoke(DelegatingMethodAccessorImpl.java:43)
	at java.base/java.lang.reflect.Method.invoke(Method.java:568)
	at org.apache.maven.surefire.util.ReflectionUtils.invokeMethodWithArray(ReflectionUtils.java:189)
	at org.apache.maven.surefire.booter.ProviderFactory$ProviderProxy.invoke(ProviderFactory.java:165)
	at org.apache.maven.surefire.booter.ProviderFactory.invokeProvider(ProviderFactory.java:85)
	at org.apache.maven.surefire.booter.ForkedBooter.runSuitesInProcess(ForkedBooter.java:115)
	at org.apache.maven.surefire.booter.ForkedBooter.main(ForkedBooter.java:75)
Caused by: org.apache.commons.vfs2.FileSystemException: Expecting // to follow the scheme in URI &quot;azsb://null/***YOUR TEST CONTAINER***/uploadFile02\dir01\file01&quot;.
	at org.apache.commons.vfs2.provider.HostFileNameParser.extractToPath(HostFileNameParser.java:79)
	at org.apache.commons.vfs2.provider.URLFileNameParser.parseUri(URLFileNameParser.java:47)
	at org.apache.commons.vfs2.provider.AbstractFileProvider.parseUri(AbstractFileProvider.java:179)
	at org.apache.commons.vfs2.provider.AbstractOriginatingFileProvider.findFile(AbstractOriginatingFileProvider.java:49)
	... 38 more
</error>
  </testcase>
  <testcase classname="com.sludev.commons.vfs2.provider.azure.AzFileProviderTest" name="A002_downloadFile" time="0.002">
    <error message="Invalid absolute URI &quot;azsb://null/***YOUR TEST CONTAINER***/test01.tmp&quot;." type="org.apache.commons.vfs2.FileSystemException">org.apache.commons.vfs2.FileSystemException: Invalid absolute URI &quot;azsb://null/***YOUR TEST CONTAINER***/test01.tmp&quot;.
	at org.apache.commons.vfs2.provider.AbstractOriginatingFileProvider.findFile(AbstractOriginatingFileProvider.java:51)
	at org.apache.commons.vfs2.impl.DefaultFileSystemManager.resolveFile(DefaultFileSystemManager.java:716)
	at org.apache.commons.vfs2.impl.DefaultFileSystemManager.resolveFile(DefaultFileSystemManager.java:653)
	at com.sludev.commons.vfs2.provider.azure.AzFileProviderTest.A002_downloadFile(AzFileProviderTest.java:167)
	at java.base/jdk.internal.reflect.NativeMethodAccessorImpl.invoke0(Native Method)
	at java.base/jdk.internal.reflect.NativeMethodAccessorImpl.invoke(NativeMethodAccessorImpl.java:77)
	at java.base/jdk.internal.reflect.DelegatingMethodAccessorImpl.invoke(DelegatingMethodAccessorImpl.java:43)
	at java.base/java.lang.reflect.Method.invoke(Method.java:568)
	at org.junit.runners.model.FrameworkMethod$1.runReflectiveCall(FrameworkMethod.java:50)
	at org.junit.internal.runners.model.ReflectiveCallable.run(ReflectiveCallable.java:12)
	at org.junit.runners.model.FrameworkMethod.invokeExplosively(FrameworkMethod.java:47)
	at org.junit.internal.runners.statements.InvokeMethod.evaluate(InvokeMethod.java:17)
	at org.junit.internal.runners.statements.RunBefores.evaluate(RunBefores.java:26)
	at org.junit.internal.runners.statements.RunAfters.evaluate(RunAfters.java:27)
	at org.junit.rules.TestWatcher$1.evaluate(TestWatcher.java:55)
	at org.junit.rules.RunRules.evaluate(RunRules.java:20)
	at org.junit.runners.ParentRunner.runLeaf(ParentRunner.java:325)
	at org.junit.runners.BlockJUnit4ClassRunner.runChild(BlockJUnit4ClassRunner.java:78)
	at org.junit.runners.BlockJUnit4ClassRunner.runChild(BlockJUnit4ClassRunner.java:57)
	at org.junit.runners.ParentRunner$3.run(ParentRunner.java:290)
	at org.junit.runners.ParentRunner$1.schedule(ParentRunner.java:71)
	at org.junit.runners.ParentRunner.runChildren(ParentRunner.java:288)
	at org.junit.runners.ParentRunner.access$000(ParentRunner.java:58)
	at org.junit.runners.ParentRunner$2.evaluate(ParentRunner.java:268)
	at org.junit.internal.runners.statements.RunBefores.evaluate(RunBefores.java:26)
	at org.junit.internal.runners.statements.RunAfters.evaluate(RunAfters.java:27)
	at org.junit.runners.ParentRunner.run(ParentRunner.java:363)
	at org.apache.maven.surefire.junit4.JUnit4Provider.execute(JUnit4Provider.java:252)
	at org.apache.maven.surefire.junit4.JUnit4Provider.executeTestSet(JUnit4Provider.java:141)
	at org.apache.maven.surefire.junit4.JUnit4Provider.invoke(JUnit4Provider.java:112)
	at java.base/jdk.internal.reflect.NativeMethodAccessorImpl.invoke0(Native Method)
	at java.base/jdk.internal.reflect.NativeMethodAccessorImpl.invoke(NativeMethodAccessorImpl.java:77)
	at java.base/jdk.internal.reflect.DelegatingMethodAccessorImpl.invoke(DelegatingMethodAccessorImpl.java:43)
	at java.base/java.lang.reflect.Method.invoke(Method.java:568)
	at org.apache.maven.surefire.util.ReflectionUtils.invokeMethodWithArray(ReflectionUtils.java:189)
	at org.apache.maven.surefire.booter.ProviderFactory$ProviderProxy.invoke(ProviderFactory.java:165)
	at org.apache.maven.surefire.booter.ProviderFactory.invokeProvider(ProviderFactory.java:85)
	at org.apache.maven.surefire.booter.ForkedBooter.runSuitesInProcess(ForkedBooter.java:115)
	at org.apache.maven.surefire.booter.ForkedBooter.main(ForkedBooter.java:75)
Caused by: org.apache.commons.vfs2.FileSystemException: Expecting // to follow the scheme in URI &quot;azsb://null/***YOUR TEST CONTAINER***/test01.tmp&quot;.
	at org.apache.commons.vfs2.provider.HostFileNameParser.extractToPath(HostFileNameParser.java:79)
	at org.apache.commons.vfs2.provider.URLFileNameParser.parseUri(URLFileNameParser.java:47)
	at org.apache.commons.vfs2.provider.AbstractFileProvider.parseUri(AbstractFileProvider.java:179)
	at org.apache.commons.vfs2.provider.AbstractOriginatingFileProvider.findFile(AbstractOriginatingFileProvider.java:49)
	... 38 more
</error>
    <system-out>22:26:55.953 [main] DEBUG com.sludev.commons.vfs2.provider.azure.AzFileProviderTest - Error setting up remote folder structure.  Have you set the test001.properties file?
org.apache.commons.vfs2.FileSystemException: Invalid absolute URI &quot;azsb://null/***YOUR TEST CONTAINER***/uploadFile02\dir01\file01&quot;.
	at org.apache.commons.vfs2.provider.AbstractOriginatingFileProvider.findFile(AbstractOriginatingFileProvider.java:51) ~[commons-vfs2-2.3.jar:2.3]
	at org.apache.commons.vfs2.impl.DefaultFileSystemManager.resolveFile(DefaultFileSystemManager.java:716) ~[commons-vfs2-2.3.jar:2.3]
	at org.apache.commons.vfs2.impl.DefaultFileSystemManager.resolveFile(DefaultFileSystemManager.java:653) ~[commons-vfs2-2.3.jar:2.3]
	at com.sludev.commons.vfs2.provider.azure.AzTestUtils.uploadFile(AzTestUtils.java:54) ~[test-classes/:?]
	at com.sludev.commons.vfs2.provider.azure.AzFileProviderTest.uploadFileSetup02(AzFileProviderTest.java:377) ~[test-classes/:?]
	at com.sludev.commons.vfs2.provider.azure.AzFileProviderTest.setUp(AzFileProviderTest.java:80) [test-classes/:?]
	at jdk.internal.reflect.NativeMethodAccessorImpl.invoke0(Native Method) ~[?:?]
	at jdk.internal.reflect.NativeMethodAccessorImpl.invoke(NativeMethodAccessorImpl.java:77) ~[?:?]
	at jdk.internal.reflect.DelegatingMethodAccessorImpl.invoke(DelegatingMethodAccessorImpl.java:43) ~[?:?]
	at java.lang.reflect.Method.invoke(Method.java:568) ~[?:?]
	at org.junit.runners.model.FrameworkMethod$1.runReflectiveCall(FrameworkMethod.java:50) [junit-4.12.jar:4.12]
	at org.junit.internal.runners.model.ReflectiveCallable.run(ReflectiveCallable.java:12) [junit-4.12.jar:4.12]
	at org.junit.runners.model.FrameworkMethod.invokeExplosively(FrameworkMethod.java:47) [junit-4.12.jar:4.12]
	at org.junit.internal.runners.statements.RunBefores.evaluate(RunBefores.java:24) [junit-4.12.jar:4.12]
	at org.junit.internal.runners.statements.RunAfters.evaluate(RunAfters.java:27) [junit-4.12.jar:4.12]
	at org.junit.rules.TestWatcher$1.evaluate(TestWatcher.java:55) [junit-4.12.jar:4.12]
	at org.junit.rules.RunRules.evaluate(RunRules.java:20) [junit-4.12.jar:4.12]
	at org.junit.runners.ParentRunner.runLeaf(ParentRunner.java:325) [junit-4.12.jar:4.12]
	at org.junit.runners.BlockJUnit4ClassRunner.runChild(BlockJUnit4ClassRunner.java:78) [junit-4.12.jar:4.12]
	at org.junit.runners.BlockJUnit4ClassRunner.runChild(BlockJUnit4ClassRunner.java:57) [junit-4.12.jar:4.12]
	at org.junit.runners.ParentRunner$3.run(ParentRunner.java:290) [junit-4.12.jar:4.12]
	at org.junit.runners.ParentRunner$1.schedule(ParentRunner.java:71) [junit-4.12.jar:4.12]
	at org.junit.runners.ParentRunner.runChildren(ParentRunner.java:288) [junit-4.12.jar:4.12]
	at org.junit.runners.ParentRunner.access$000(ParentRunner.java:58) [junit-4.12.jar:4.12]
	at org.junit.runners.ParentRunner$2.evaluate(ParentRunner.java:268) [junit-4.12.jar:4.12]
	at org.junit.internal.runners.statements.RunBefores.evaluate(RunBefores.java:26) [junit-4.12.jar:4.12]
	at org.junit.internal.runners.statements.RunAfters.evaluate(RunAfters.java:27) [junit-4.12.jar:4.12]
	at org.junit.runners.ParentRunner.run(ParentRunner.java:363) [junit-4.12.jar:4.12]
	at org.apache.maven.surefire.junit4.JUnit4Provider.execute(JUnit4Provider.java:252) [surefire-junit4-2.12.4.jar:2.12.4]
	at org.apache.maven.surefire.junit4.JUnit4Provider.executeTestSet(JUnit4Provider.java:141) [surefire-junit4-2.12.4.jar:2.12.4]
	at org.apache.maven.surefire.junit4.JUnit4Provider.invoke(JUnit4Provider.java:112) [surefire-junit4-2.12.4.jar:2.12.4]
	at jdk.internal.reflect.NativeMethodAccessorImpl.invoke0(Native Method) ~[?:?]
	at jdk.internal.reflect.NativeMethodAccessorImpl.invoke(NativeMethodAccessorImpl.java:77) ~[?:?]
	at jdk.internal.reflect.DelegatingMethodAccessorImpl.invoke(DelegatingMethodAccessorImpl.java:43) ~[?:?]
	at java.lang.reflect.Method.invoke(Method.java:568) ~[?:?]
	at org.apache.maven.surefire.util.ReflectionUtils.invokeMethodWithArray(ReflectionUtils.java:189) [surefire-api-2.12.4.jar:2.12.4]
	at org.apache.maven.surefire.booter.ProviderFactory$ProviderProxy.invoke(ProviderFactory.java:165) [surefire-booter-2.12.4.jar:2.12.4]
	at org.apache.maven.surefire.booter.ProviderFactory.invokeProvider(ProviderFactory.java:85) [surefire-booter-2.12.4.jar:2.12.4]
	at org.apache.maven.surefire.booter.ForkedBooter.runSuitesInProcess(ForkedBooter.java:115) [surefire-booter-2.12.4.jar:2.12.4]
	at org.apache.maven.surefire.booter.ForkedBooter.main(ForkedBooter.java:75) [surefire-booter-2.12.4.jar:2.12.4]
Caused by: org.apache.commons.vfs2.FileSystemException: Expecting // to follow the scheme in URI &quot;azsb://null/***YOUR TEST CONTAINER***/uploadFile02\dir01\file01&quot;.
	at org.apache.commons.vfs2.provider.HostFileNameParser.extractToPath(HostFileNameParser.java:79) ~[commons-vfs2-2.3.jar:2.3]
	at org.apache.commons.vfs2.provider.URLFileNameParser.parseUri(URLFileNameParser.java:47) ~[commons-vfs2-2.3.jar:2.3]
	at org.apache.commons.vfs2.provider.AbstractFileProvider.parseUri(AbstractFileProvider.java:179) ~[commons-vfs2-2.3.jar:2.3]
	at org.apache.commons.vfs2.provider.AbstractOriginatingFileProvider.findFile(AbstractOriginatingFileProvider.java:49) ~[commons-vfs2-2.3.jar:2.3]
	... 39 more
22:26:55.955 [main] INFO  com.sludev.commons.vfs2.provider.azure.AzTestWatcher - A002_downloadFile(com.sludev.commons.vfs2.provider.azure.AzFileProviderTest) failed There were 2 errors:
  org.apache.commons.vfs2.FileSystemException(Invalid absolute URI &quot;azsb://null/***YOUR TEST CONTAINER***/test01.tmp&quot;.)
  org.apache.commons.vfs2.FileSystemException(Invalid absolute URI &quot;azsb://null/***YOUR TEST CONTAINER***/uploadFile02\dir01\file01&quot;.)
</system-out>
  </testcase>
  <testcase classname="com.sludev.commons.vfs2.provider.azure.AzFileProviderTest" name="A002_downloadFile" time="0.002">
    <error message="Invalid absolute URI &quot;azsb://null/***YOUR TEST CONTAINER***/uploadFile02\dir01\file01&quot;." type="org.apache.commons.vfs2.FileSystemException">org.apache.commons.vfs2.FileSystemException: Invalid absolute URI &quot;azsb://null/***YOUR TEST CONTAINER***/uploadFile02\dir01\file01&quot;.
	at org.apache.commons.vfs2.provider.AbstractOriginatingFileProvider.findFile(AbstractOriginatingFileProvider.java:51)
	at org.apache.commons.vfs2.impl.DefaultFileSystemManager.resolveFile(DefaultFileSystemManager.java:716)
	at org.apache.commons.vfs2.impl.DefaultFileSystemManager.resolveFile(DefaultFileSystemManager.java:653)
	at com.sludev.commons.vfs2.provider.azure.AzTestUtils.deleteFile(AzTestUtils.java:77)
	at com.sludev.commons.vfs2.provider.azure.AzFileProviderTest.removeFileSetup02(AzFileProviderTest.java:350)
	at com.sludev.commons.vfs2.provider.azure.AzFileProviderTest.tearDown(AzFileProviderTest.java:101)
	at java.base/jdk.internal.reflect.NativeMethodAccessorImpl.invoke0(Native Method)
	at java.base/jdk.internal.reflect.NativeMethodAccessorImpl.invoke(NativeMethodAccessorImpl.java:77)
	at java.base/jdk.internal.reflect.DelegatingMethodAccessorImpl.invoke(DelegatingMethodAccessorImpl.java:43)
	at java.base/java.lang.reflect.Method.invoke(Method.java:568)
	at org.junit.runners.model.FrameworkMethod$1.runReflectiveCall(FrameworkMethod.java:50)
	at org.junit.internal.runners.model.ReflectiveCallable.run(ReflectiveCallable.java:12)
	at org.junit.runners.model.FrameworkMethod.invokeExplosively(FrameworkMethod.java:47)
	at org.junit.internal.runners.statements.RunAfters.evaluate(RunAfters.java:33)
	at org.junit.rules.TestWatcher$1.evaluate(TestWatcher.java:55)
	at org.junit.rules.RunRules.evaluate(RunRules.java:20)
	at org.junit.runners.ParentRunner.runLeaf(ParentRunner.java:325)
	at org.junit.runners.BlockJUnit4ClassRunner.runChild(BlockJUnit4ClassRunner.java:78)
	at org.junit.runners.BlockJUnit4ClassRunner.runChild(BlockJUnit4ClassRunner.java:57)
	at org.junit.runners.ParentRunner$3.run(ParentRunner.java:290)
	at org.junit.runners.ParentRunner$1.schedule(ParentRunner.java:71)
	at org.junit.runners.ParentRunner.runChildren(ParentRunner.java:288)
	at org.junit.runners.ParentRunner.access$000(ParentRunner.java:58)
	at org.junit.runners.ParentRunner$2.evaluate(ParentRunner.java:268)
	at org.junit.internal.runners.statements.RunBefores.evaluate(RunBefores.java:26)
	at org.junit.internal.runners.statements.RunAfters.evaluate(RunAfters.java:27)
	at org.junit.runners.ParentRunner.run(ParentRunner.java:363)
	at org.apache.maven.surefire.junit4.JUnit4Provider.execute(JUnit4Provider.java:252)
	at org.apache.maven.surefire.junit4.JUnit4Provider.executeTestSet(JUnit4Provider.java:141)
	at org.apache.maven.surefire.junit4.JUnit4Provider.invoke(JUnit4Provider.java:112)
	at java.base/jdk.internal.reflect.NativeMethodAccessorImpl.invoke0(Native Method)
	at java.base/jdk.internal.reflect.NativeMethodAccessorImpl.invoke(NativeMethodAccessorImpl.java:77)
	at java.base/jdk.internal.reflect.DelegatingMethodAccessorImpl.invoke(DelegatingMethodAccessorImpl.java:43)
	at java.base/java.lang.reflect.Method.invoke(Method.java:568)
	at org.apache.maven.surefire.util.ReflectionUtils.invokeMethodWithArray(ReflectionUtils.java:189)
	at org.apache.maven.surefire.booter.ProviderFactory$ProviderProxy.invoke(ProviderFactory.java:165)
	at org.apache.maven.surefire.booter.ProviderFactory.invokeProvider(ProviderFactory.java:85)
	at org.apache.maven.surefire.booter.ForkedBooter.runSuitesInProcess(ForkedBooter.java:115)
	at org.apache.maven.surefire.booter.ForkedBooter.main(ForkedBooter.java:75)
Caused by: org.apache.commons.vfs2.FileSystemException: Expecting // to follow the scheme in URI &quot;azsb://null/***YOUR TEST CONTAINER***/uploadFile02\dir01\file01&quot;.
	at org.apache.commons.vfs2.provider.HostFileNameParser.extractToPath(HostFileNameParser.java:79)
	at org.apache.commons.vfs2.provider.URLFileNameParser.parseUri(URLFileNameParser.java:47)
	at org.apache.commons.vfs2.provider.AbstractFileProvider.parseUri(AbstractFileProvider.java:179)
	at org.apache.commons.vfs2.provider.AbstractOriginatingFileProvider.findFile(AbstractOriginatingFileProvider.java:49)
	... 38 more
</error>
  </testcase>
  <testcase classname="com.sludev.commons.vfs2.provider.azure.AzFileProviderTest" name="A003_exist" time="0.004">
    <error message="Invalid absolute URI &quot;azsb://null/***YOUR TEST CONTAINER***/test01.tmp&quot;." type="org.apache.commons.vfs2.FileSystemException">org.apache.commons.vfs2.FileSystemException: Invalid absolute URI &quot;azsb://null/***YOUR TEST CONTAINER***/test01.tmp&quot;.
	at org.apache.commons.vfs2.provider.AbstractOriginatingFileProvider.findFile(AbstractOriginatingFileProvider.java:51)
	at org.apache.commons.vfs2.impl.DefaultFileSystemManager.resolveFile(DefaultFileSystemManager.java:716)
	at org.apache.commons.vfs2.impl.DefaultFileSystemManager.resolveFile(DefaultFileSystemManager.java:653)
	at com.sludev.commons.vfs2.provider.azure.AzFileProviderTest.A003_exist(AzFileProviderTest.java:197)
	at java.base/jdk.internal.reflect.NativeMethodAccessorImpl.invoke0(Native Method)
	at java.base/jdk.internal.reflect.NativeMethodAccessorImpl.invoke(NativeMethodAccessorImpl.java:77)
	at java.base/jdk.internal.reflect.DelegatingMethodAccessorImpl.invoke(DelegatingMethodAccessorImpl.java:43)
	at java.base/java.lang.reflect.Method.invoke(Method.java:568)
	at org.junit.runners.model.FrameworkMethod$1.runReflectiveCall(FrameworkMethod.java:50)
	at org.junit.internal.runners.model.ReflectiveCallable.run(ReflectiveCallable.java:12)
	at org.junit.runners.model.FrameworkMethod.invokeExplosively(FrameworkMethod.java:47)
	at org.junit.internal.runners.statements.InvokeMethod.evaluate(InvokeMethod.java:17)
	at org.junit.internal.runners.statements.RunBefores.evaluate(RunBefores.java:26)
	at org.junit.internal.runners.statements.RunAfters.evaluate(RunAfters.java:27)
	at org.junit.rules.TestWatcher$1.evaluate(TestWatcher.java:55)
	at org.junit.rules.RunRules.evaluate(RunRules.java:20)
	at org.junit.runners.ParentRunner.runLeaf(ParentRunner.java:325)
	at org.junit.runners.BlockJUnit4ClassRunner.runChild(BlockJUnit4ClassRunner.java:78)
	at org.junit.runners.BlockJUnit4ClassRunner.runChild(BlockJUnit4ClassRunner.java:57)
	at org.junit.runners.ParentRunner$3.run(ParentRunner.java:290)
	at org.junit.runners.ParentRunner$1.schedule(ParentRunner.java:71)
	at org.junit.runners.ParentRunner.runChildren(ParentRunner.java:288)
	at org.junit.runners.ParentRunner.access$000(ParentRunner.java:58)
	at org.junit.runners.ParentRunner$2.evaluate(ParentRunner.java:268)
	at org.junit.internal.runners.statements.RunBefores.evaluate(RunBefores.java:26)
	at org.junit.internal.runners.statements.RunAfters.evaluate(RunAfters.java:27)
	at org.junit.runners.ParentRunner.run(ParentRunner.java:363)
	at org.apache.maven.surefire.junit4.JUnit4Provider.execute(JUnit4Provider.java:252)
	at org.apache.maven.surefire.junit4.JUnit4Provider.executeTestSet(JUnit4Provider.java:141)
	at org.apache.maven.surefire.junit4.JUnit4Provider.invoke(JUnit4Provider.java:112)
	at java.base/jdk.internal.reflect.NativeMethodAccessorImpl.invoke0(Native Method)
	at java.base/jdk.internal.reflect.NativeMethodAccessorImpl.invoke(NativeMethodAccessorImpl.java:77)
	at java.base/jdk.internal.reflect.DelegatingMethodAccessorImpl.invoke(DelegatingMethodAccessorImpl.java:43)
	at java.base/java.lang.reflect.Method.invoke(Method.java:568)
	at org.apache.maven.surefire.util.ReflectionUtils.invokeMethodWithArray(ReflectionUtils.java:189)
	at org.apache.maven.surefire.booter.ProviderFactory$ProviderProxy.invoke(ProviderFactory.java:165)
	at org.apache.maven.surefire.booter.ProviderFactory.invokeProvider(ProviderFactory.java:85)
	at org.apache.maven.surefire.booter.ForkedBooter.runSuitesInProcess(ForkedBooter.java:115)
	at org.apache.maven.surefire.booter.ForkedBooter.main(ForkedBooter.java:75)
Caused by: org.apache.commons.vfs2.FileSystemException: Expecting // to follow the scheme in URI &quot;azsb://null/***YOUR TEST CONTAINER***/test01.tmp&quot;.
	at org.apache.commons.vfs2.provider.HostFileNameParser.extractToPath(HostFileNameParser.java:79)
	at org.apache.commons.vfs2.provider.URLFileNameParser.parseUri(URLFileNameParser.java:47)
	at org.apache.commons.vfs2.provider.AbstractFileProvider.parseUri(AbstractFileProvider.java:179)
	at org.apache.commons.vfs2.provider.AbstractOriginatingFileProvider.findFile(AbstractOriginatingFileProvider.java:49)
	... 38 more
</error>
    <system-out>22:26:55.958 [main] DEBUG com.sludev.commons.vfs2.provider.azure.AzFileProviderTest - Error setting up remote folder structure.  Have you set the test001.properties file?
org.apache.commons.vfs2.FileSystemException: Invalid absolute URI &quot;azsb://null/***YOUR TEST CONTAINER***/uploadFile02\dir01\file01&quot;.
	at org.apache.commons.vfs2.provider.AbstractOriginatingFileProvider.findFile(AbstractOriginatingFileProvider.java:51) ~[commons-vfs2-2.3.jar:2.3]
	at org.apache.commons.vfs2.impl.DefaultFileSystemManager.resolveFile(DefaultFileSystemManager.java:716) ~[commons-vfs2-2.3.jar:2.3]
	at org.apache.commons.vfs2.impl.DefaultFileSystemManager.resolveFile(DefaultFileSystemManager.java:653) ~[commons-vfs2-2.3.jar:2.3]
	at com.sludev.commons.vfs2.provider.azure.AzTestUtils.uploadFile(AzTestUtils.java:54) ~[test-classes/:?]
	at com.sludev.commons.vfs2.provider.azure.AzFileProviderTest.uploadFileSetup02(AzFileProviderTest.java:377) ~[test-classes/:?]
	at com.sludev.commons.vfs2.provider.azure.AzFileProviderTest.setUp(AzFileProviderTest.java:80) [test-classes/:?]
	at jdk.internal.reflect.NativeMethodAccessorImpl.invoke0(Native Method) ~[?:?]
	at jdk.internal.reflect.NativeMethodAccessorImpl.invoke(NativeMethodAccessorImpl.java:77) ~[?:?]
	at jdk.internal.reflect.DelegatingMethodAccessorImpl.invoke(DelegatingMethodAccessorImpl.java:43) ~[?:?]
	at java.lang.reflect.Method.invoke(Method.java:568) ~[?:?]
	at org.junit.runners.model.FrameworkMethod$1.runReflectiveCall(FrameworkMethod.java:50) [junit-4.12.jar:4.12]
	at org.junit.internal.runners.model.ReflectiveCallable.run(ReflectiveCallable.java:12) [junit-4.12.jar:4.12]
	at org.junit.runners.model.FrameworkMethod.invokeExplosively(FrameworkMethod.java:47) [junit-4.12.jar:4.12]
	at org.junit.internal.runners.statements.RunBefores.evaluate(RunBefores.java:24) [junit-4.12.jar:4.12]
	at org.junit.internal.runners.statements.RunAfters.evaluate(RunAfters.java:27) [junit-4.12.jar:4.12]
	at org.junit.rules.TestWatcher$1.evaluate(TestWatcher.java:55) [junit-4.12.jar:4.12]
	at org.junit.rules.RunRules.evaluate(RunRules.java:20) [junit-4.12.jar:4.12]
	at org.junit.runners.ParentRunner.runLeaf(ParentRunner.java:325) [junit-4.12.jar:4.12]
	at org.junit.runners.BlockJUnit4ClassRunner.runChild(BlockJUnit4ClassRunner.java:78) [junit-4.12.jar:4.12]
	at org.junit.runners.BlockJUnit4ClassRunner.runChild(BlockJUnit4ClassRunner.java:57) [junit-4.12.jar:4.12]
	at org.junit.runners.ParentRunner$3.run(ParentRunner.java:290) [junit-4.12.jar:4.12]
	at org.junit.runners.ParentRunner$1.schedule(ParentRunner.java:71) [junit-4.12.jar:4.12]
	at org.junit.runners.ParentRunner.runChildren(ParentRunner.java:288) [junit-4.12.jar:4.12]
	at org.junit.runners.ParentRunner.access$000(ParentRunner.java:58) [junit-4.12.jar:4.12]
	at org.junit.runners.ParentRunner$2.evaluate(ParentRunner.java:268) [junit-4.12.jar:4.12]
	at org.junit.internal.runners.statements.RunBefores.evaluate(RunBefores.java:26) [junit-4.12.jar:4.12]
	at org.junit.internal.runners.statements.RunAfters.evaluate(RunAfters.java:27) [junit-4.12.jar:4.12]
	at org.junit.runners.ParentRunner.run(ParentRunner.java:363) [junit-4.12.jar:4.12]
	at org.apache.maven.surefire.junit4.JUnit4Provider.execute(JUnit4Provider.java:252) [surefire-junit4-2.12.4.jar:2.12.4]
	at org.apache.maven.surefire.junit4.JUnit4Provider.executeTestSet(JUnit4Provider.java:141) [surefire-junit4-2.12.4.jar:2.12.4]
	at org.apache.maven.surefire.junit4.JUnit4Provider.invoke(JUnit4Provider.java:112) [surefire-junit4-2.12.4.jar:2.12.4]
	at jdk.internal.reflect.NativeMethodAccessorImpl.invoke0(Native Method) ~[?:?]
	at jdk.internal.reflect.NativeMethodAccessorImpl.invoke(NativeMethodAccessorImpl.java:77) ~[?:?]
	at jdk.internal.reflect.DelegatingMethodAccessorImpl.invoke(DelegatingMethodAccessorImpl.java:43) ~[?:?]
	at java.lang.reflect.Method.invoke(Method.java:568) ~[?:?]
	at org.apache.maven.surefire.util.ReflectionUtils.invokeMethodWithArray(ReflectionUtils.java:189) [surefire-api-2.12.4.jar:2.12.4]
	at org.apache.maven.surefire.booter.ProviderFactory$ProviderProxy.invoke(ProviderFactory.java:165) [surefire-booter-2.12.4.jar:2.12.4]
	at org.apache.maven.surefire.booter.ProviderFactory.invokeProvider(ProviderFactory.java:85) [surefire-booter-2.12.4.jar:2.12.4]
	at org.apache.maven.surefire.booter.ForkedBooter.runSuitesInProcess(ForkedBooter.java:115) [surefire-booter-2.12.4.jar:2.12.4]
	at org.apache.maven.surefire.booter.ForkedBooter.main(ForkedBooter.java:75) [surefire-booter-2.12.4.jar:2.12.4]
Caused by: org.apache.commons.vfs2.FileSystemException: Expecting // to follow the scheme in URI &quot;azsb://null/***YOUR TEST CONTAINER***/uploadFile02\dir01\file01&quot;.
	at org.apache.commons.vfs2.provider.HostFileNameParser.extractToPath(HostFileNameParser.java:79) ~[commons-vfs2-2.3.jar:2.3]
	at org.apache.commons.vfs2.provider.URLFileNameParser.parseUri(URLFileNameParser.java:47) ~[commons-vfs2-2.3.jar:2.3]
	at org.apache.commons.vfs2.provider.AbstractFileProvider.parseUri(AbstractFileProvider.java:179) ~[commons-vfs2-2.3.jar:2.3]
	at org.apache.commons.vfs2.provider.AbstractOriginatingFileProvider.findFile(AbstractOriginatingFileProvider.java:49) ~[commons-vfs2-2.3.jar:2.3]
	... 39 more
22:26:55.960 [main] INFO  com.sludev.commons.vfs2.provider.azure.AzTestWatcher - A003_exist(com.sludev.commons.vfs2.provider.azure.AzFileProviderTest) failed There were 2 errors:
  org.apache.commons.vfs2.FileSystemException(Invalid absolute URI &quot;azsb://null/***YOUR TEST CONTAINER***/test01.tmp&quot;.)
  org.apache.commons.vfs2.FileSystemException(Invalid absolute URI &quot;azsb://null/***YOUR TEST CONTAINER***/uploadFile02\dir01\file01&quot;.)
</system-out>
  </testcase>
  <testcase classname="com.sludev.commons.vfs2.provider.azure.AzFileProviderTest" name="A003_exist" time="0.005">
    <error message="Invalid absolute URI &quot;azsb://null/***YOUR TEST CONTAINER***/uploadFile02\dir01\file01&quot;." type="org.apache.commons.vfs2.FileSystemException">org.apache.commons.vfs2.FileSystemException: Invalid absolute URI &quot;azsb://null/***YOUR TEST CONTAINER***/uploadFile02\dir01\file01&quot;.
	at org.apache.commons.vfs2.provider.AbstractOriginatingFileProvider.findFile(AbstractOriginatingFileProvider.java:51)
	at org.apache.commons.vfs2.impl.DefaultFileSystemManager.resolveFile(DefaultFileSystemManager.java:716)
	at org.apache.commons.vfs2.impl.DefaultFileSystemManager.resolveFile(DefaultFileSystemManager.java:653)
	at com.sludev.commons.vfs2.provider.azure.AzTestUtils.deleteFile(AzTestUtils.java:77)
	at com.sludev.commons.vfs2.provider.azure.AzFileProviderTest.removeFileSetup02(AzFileProviderTest.java:350)
	at com.sludev.commons.vfs2.provider.azure.AzFileProviderTest.tearDown(AzFileProviderTest.java:101)
	at java.base/jdk.internal.reflect.NativeMethodAccessorImpl.invoke0(Native Method)
	at java.base/jdk.internal.reflect.NativeMethodAccessorImpl.invoke(NativeMethodAccessorImpl.java:77)
	at java.base/jdk.internal.reflect.DelegatingMethodAccessorImpl.invoke(DelegatingMethodAccessorImpl.java:43)
	at java.base/java.lang.reflect.Method.invoke(Method.java:568)
	at org.junit.runners.model.FrameworkMethod$1.runReflectiveCall(FrameworkMethod.java:50)
	at org.junit.internal.runners.model.ReflectiveCallable.run(ReflectiveCallable.java:12)
	at org.junit.runners.model.FrameworkMethod.invokeExplosively(FrameworkMethod.java:47)
	at org.junit.internal.runners.statements.RunAfters.evaluate(RunAfters.java:33)
	at org.junit.rules.TestWatcher$1.evaluate(TestWatcher.java:55)
	at org.junit.rules.RunRules.evaluate(RunRules.java:20)
	at org.junit.runners.ParentRunner.runLeaf(ParentRunner.java:325)
	at org.junit.runners.BlockJUnit4ClassRunner.runChild(BlockJUnit4ClassRunner.java:78)
	at org.junit.runners.BlockJUnit4ClassRunner.runChild(BlockJUnit4ClassRunner.java:57)
	at org.junit.runners.ParentRunner$3.run(ParentRunner.java:290)
	at org.junit.runners.ParentRunner$1.schedule(ParentRunner.java:71)
	at org.junit.runners.ParentRunner.runChildren(ParentRunner.java:288)
	at org.junit.runners.ParentRunner.access$000(ParentRunner.java:58)
	at org.junit.runners.ParentRunner$2.evaluate(ParentRunner.java:268)
	at org.junit.internal.runners.statements.RunBefores.evaluate(RunBefores.java:26)
	at org.junit.internal.runners.statements.RunAfters.evaluate(RunAfters.java:27)
	at org.junit.runners.ParentRunner.run(ParentRunner.java:363)
	at org.apache.maven.surefire.junit4.JUnit4Provider.execute(JUnit4Provider.java:252)
	at org.apache.maven.surefire.junit4.JUnit4Provider.executeTestSet(JUnit4Provider.java:141)
	at org.apache.maven.surefire.junit4.JUnit4Provider.invoke(JUnit4Provider.java:112)
	at java.base/jdk.internal.reflect.NativeMethodAccessorImpl.invoke0(Native Method)
	at java.base/jdk.internal.reflect.NativeMethodAccessorImpl.invoke(NativeMethodAccessorImpl.java:77)
	at java.base/jdk.internal.reflect.DelegatingMethodAccessorImpl.invoke(DelegatingMethodAccessorImpl.java:43)
	at java.base/java.lang.reflect.Method.invoke(Method.java:568)
	at org.apache.maven.surefire.util.ReflectionUtils.invokeMethodWithArray(ReflectionUtils.java:189)
	at org.apache.maven.surefire.booter.ProviderFactory$ProviderProxy.invoke(ProviderFactory.java:165)
	at org.apache.maven.surefire.booter.ProviderFactory.invokeProvider(ProviderFactory.java:85)
	at org.apache.maven.surefire.booter.ForkedBooter.runSuitesInProcess(ForkedBooter.java:115)
	at org.apache.maven.surefire.booter.ForkedBooter.main(ForkedBooter.java:75)
Caused by: org.apache.commons.vfs2.FileSystemException: Expecting // to follow the scheme in URI &quot;azsb://null/***YOUR TEST CONTAINER***/uploadFile02\dir01\file01&quot;.
	at org.apache.commons.vfs2.provider.HostFileNameParser.extractToPath(HostFileNameParser.java:79)
	at org.apache.commons.vfs2.provider.URLFileNameParser.parseUri(URLFileNameParser.java:47)
	at org.apache.commons.vfs2.provider.AbstractFileProvider.parseUri(AbstractFileProvider.java:179)
	at org.apache.commons.vfs2.provider.AbstractOriginatingFileProvider.findFile(AbstractOriginatingFileProvider.java:49)
	... 38 more
</error>
  </testcase>
  <testcase classname="com.sludev.commons.vfs2.provider.azure.AzFileProviderTest" name="A004_getContentSize" time="0.004">
    <error message="Invalid absolute URI &quot;azsb://null/***YOUR TEST CONTAINER***/test01.tmp&quot;." type="org.apache.commons.vfs2.FileSystemException">org.apache.commons.vfs2.FileSystemException: Invalid absolute URI &quot;azsb://null/***YOUR TEST CONTAINER***/test01.tmp&quot;.
	at org.apache.commons.vfs2.provider.AbstractOriginatingFileProvider.findFile(AbstractOriginatingFileProvider.java:51)
	at org.apache.commons.vfs2.impl.DefaultFileSystemManager.resolveFile(DefaultFileSystemManager.java:716)
	at org.apache.commons.vfs2.impl.DefaultFileSystemManager.resolveFile(DefaultFileSystemManager.java:653)
	at com.sludev.commons.vfs2.provider.azure.AzFileProviderTest.A004_getContentSize(AzFileProviderTest.java:236)
	at java.base/jdk.internal.reflect.NativeMethodAccessorImpl.invoke0(Native Method)
	at java.base/jdk.internal.reflect.NativeMethodAccessorImpl.invoke(NativeMethodAccessorImpl.java:77)
	at java.base/jdk.internal.reflect.DelegatingMethodAccessorImpl.invoke(DelegatingMethodAccessorImpl.java:43)
	at java.base/java.lang.reflect.Method.invoke(Method.java:568)
	at org.junit.runners.model.FrameworkMethod$1.runReflectiveCall(FrameworkMethod.java:50)
	at org.junit.internal.runners.model.ReflectiveCallable.run(ReflectiveCallable.java:12)
	at org.junit.runners.model.FrameworkMethod.invokeExplosively(FrameworkMethod.java:47)
	at org.junit.internal.runners.statements.InvokeMethod.evaluate(InvokeMethod.java:17)
	at org.junit.internal.runners.statements.RunBefores.evaluate(RunBefores.java:26)
	at org.junit.internal.runners.statements.RunAfters.evaluate(RunAfters.java:27)
	at org.junit.rules.TestWatcher$1.evaluate(TestWatcher.java:55)
	at org.junit.rules.RunRules.evaluate(RunRules.java:20)
	at org.junit.runners.ParentRunner.runLeaf(ParentRunner.java:325)
	at org.junit.runners.BlockJUnit4ClassRunner.runChild(BlockJUnit4ClassRunner.java:78)
	at org.junit.runners.BlockJUnit4ClassRunner.runChild(BlockJUnit4ClassRunner.java:57)
	at org.junit.runners.ParentRunner$3.run(ParentRunner.java:290)
	at org.junit.runners.ParentRunner$1.schedule(ParentRunner.java:71)
	at org.junit.runners.ParentRunner.runChildren(ParentRunner.java:288)
	at org.junit.runners.ParentRunner.access$000(ParentRunner.java:58)
	at org.junit.runners.ParentRunner$2.evaluate(ParentRunner.java:268)
	at org.junit.internal.runners.statements.RunBefores.evaluate(RunBefores.java:26)
	at org.junit.internal.runners.statements.RunAfters.evaluate(RunAfters.java:27)
	at org.junit.runners.ParentRunner.run(ParentRunner.java:363)
	at org.apache.maven.surefire.junit4.JUnit4Provider.execute(JUnit4Provider.java:252)
	at org.apache.maven.surefire.junit4.JUnit4Provider.executeTestSet(JUnit4Provider.java:141)
	at org.apache.maven.surefire.junit4.JUnit4Provider.invoke(JUnit4Provider.java:112)
	at java.base/jdk.internal.reflect.NativeMethodAccessorImpl.invoke0(Native Method)
	at java.base/jdk.internal.reflect.NativeMethodAccessorImpl.invoke(NativeMethodAccessorImpl.java:77)
	at java.base/jdk.internal.reflect.DelegatingMethodAccessorImpl.invoke(DelegatingMethodAccessorImpl.java:43)
	at java.base/java.lang.reflect.Method.invoke(Method.java:568)
	at org.apache.maven.surefire.util.ReflectionUtils.invokeMethodWithArray(ReflectionUtils.java:189)
	at org.apache.maven.surefire.booter.ProviderFactory$ProviderProxy.invoke(ProviderFactory.java:165)
	at org.apache.maven.surefire.booter.ProviderFactory.invokeProvider(ProviderFactory.java:85)
	at org.apache.maven.surefire.booter.ForkedBooter.runSuitesInProcess(ForkedBooter.java:115)
	at org.apache.maven.surefire.booter.ForkedBooter.main(ForkedBooter.java:75)
Caused by: org.apache.commons.vfs2.FileSystemException: Expecting // to follow the scheme in URI &quot;azsb://null/***YOUR TEST CONTAINER***/test01.tmp&quot;.
	at org.apache.commons.vfs2.provider.HostFileNameParser.extractToPath(HostFileNameParser.java:79)
	at org.apache.commons.vfs2.provider.URLFileNameParser.parseUri(URLFileNameParser.java:47)
	at org.apache.commons.vfs2.provider.AbstractFileProvider.parseUri(AbstractFileProvider.java:179)
	at org.apache.commons.vfs2.provider.AbstractOriginatingFileProvider.findFile(AbstractOriginatingFileProvider.java:49)
	... 38 more
</error>
    <system-out>22:26:55.963 [main] DEBUG com.sludev.commons.vfs2.provider.azure.AzFileProviderTest - Error setting up remote folder structure.  Have you set the test001.properties file?
org.apache.commons.vfs2.FileSystemException: Invalid absolute URI &quot;azsb://null/***YOUR TEST CONTAINER***/uploadFile02\dir01\file01&quot;.
	at org.apache.commons.vfs2.provider.AbstractOriginatingFileProvider.findFile(AbstractOriginatingFileProvider.java:51) ~[commons-vfs2-2.3.jar:2.3]
	at org.apache.commons.vfs2.impl.DefaultFileSystemManager.resolveFile(DefaultFileSystemManager.java:716) ~[commons-vfs2-2.3.jar:2.3]
	at org.apache.commons.vfs2.impl.DefaultFileSystemManager.resolveFile(DefaultFileSystemManager.java:653) ~[commons-vfs2-2.3.jar:2.3]
	at com.sludev.commons.vfs2.provider.azure.AzTestUtils.uploadFile(AzTestUtils.java:54) ~[test-classes/:?]
	at com.sludev.commons.vfs2.provider.azure.AzFileProviderTest.uploadFileSetup02(AzFileProviderTest.java:377) ~[test-classes/:?]
	at com.sludev.commons.vfs2.provider.azure.AzFileProviderTest.setUp(AzFileProviderTest.java:80) [test-classes/:?]
	at jdk.internal.reflect.NativeMethodAccessorImpl.invoke0(Native Method) ~[?:?]
	at jdk.internal.reflect.NativeMethodAccessorImpl.invoke(NativeMethodAccessorImpl.java:77) ~[?:?]
	at jdk.internal.reflect.DelegatingMethodAccessorImpl.invoke(DelegatingMethodAccessorImpl.java:43) ~[?:?]
	at java.lang.reflect.Method.invoke(Method.java:568) ~[?:?]
	at org.junit.runners.model.FrameworkMethod$1.runReflectiveCall(FrameworkMethod.java:50) [junit-4.12.jar:4.12]
	at org.junit.internal.runners.model.ReflectiveCallable.run(ReflectiveCallable.java:12) [junit-4.12.jar:4.12]
	at org.junit.runners.model.FrameworkMethod.invokeExplosively(FrameworkMethod.java:47) [junit-4.12.jar:4.12]
	at org.junit.internal.runners.statements.RunBefores.evaluate(RunBefores.java:24) [junit-4.12.jar:4.12]
	at org.junit.internal.runners.statements.RunAfters.evaluate(RunAfters.java:27) [junit-4.12.jar:4.12]
	at org.junit.rules.TestWatcher$1.evaluate(TestWatcher.java:55) [junit-4.12.jar:4.12]
	at org.junit.rules.RunRules.evaluate(RunRules.java:20) [junit-4.12.jar:4.12]
	at org.junit.runners.ParentRunner.runLeaf(ParentRunner.java:325) [junit-4.12.jar:4.12]
	at org.junit.runners.BlockJUnit4ClassRunner.runChild(BlockJUnit4ClassRunner.java:78) [junit-4.12.jar:4.12]
	at org.junit.runners.BlockJUnit4ClassRunner.runChild(BlockJUnit4ClassRunner.java:57) [junit-4.12.jar:4.12]
	at org.junit.runners.ParentRunner$3.run(ParentRunner.java:290) [junit-4.12.jar:4.12]
	at org.junit.runners.ParentRunner$1.schedule(ParentRunner.java:71) [junit-4.12.jar:4.12]
	at org.junit.runners.ParentRunner.runChildren(ParentRunner.java:288) [junit-4.12.jar:4.12]
	at org.junit.runners.ParentRunner.access$000(ParentRunner.java:58) [junit-4.12.jar:4.12]
	at org.junit.runners.ParentRunner$2.evaluate(ParentRunner.java:268) [junit-4.12.jar:4.12]
	at org.junit.internal.runners.statements.RunBefores.evaluate(RunBefores.java:26) [junit-4.12.jar:4.12]
	at org.junit.internal.runners.statements.RunAfters.evaluate(RunAfters.java:27) [junit-4.12.jar:4.12]
	at org.junit.runners.ParentRunner.run(ParentRunner.java:363) [junit-4.12.jar:4.12]
	at org.apache.maven.surefire.junit4.JUnit4Provider.execute(JUnit4Provider.java:252) [surefire-junit4-2.12.4.jar:2.12.4]
	at org.apache.maven.surefire.junit4.JUnit4Provider.executeTestSet(JUnit4Provider.java:141) [surefire-junit4-2.12.4.jar:2.12.4]
	at org.apache.maven.surefire.junit4.JUnit4Provider.invoke(JUnit4Provider.java:112) [surefire-junit4-2.12.4.jar:2.12.4]
	at jdk.internal.reflect.NativeMethodAccessorImpl.invoke0(Native Method) ~[?:?]
	at jdk.internal.reflect.NativeMethodAccessorImpl.invoke(NativeMethodAccessorImpl.java:77) ~[?:?]
	at jdk.internal.reflect.DelegatingMethodAccessorImpl.invoke(DelegatingMethodAccessorImpl.java:43) ~[?:?]
	at java.lang.reflect.Method.invoke(Method.java:568) ~[?:?]
	at org.apache.maven.surefire.util.ReflectionUtils.invokeMethodWithArray(ReflectionUtils.java:189) [surefire-api-2.12.4.jar:2.12.4]
	at org.apache.maven.surefire.booter.ProviderFactory$ProviderProxy.invoke(ProviderFactory.java:165) [surefire-booter-2.12.4.jar:2.12.4]
	at org.apache.maven.surefire.booter.ProviderFactory.invokeProvider(ProviderFactory.java:85) [surefire-booter-2.12.4.jar:2.12.4]
	at org.apache.maven.surefire.booter.ForkedBooter.runSuitesInProcess(ForkedBooter.java:115) [surefire-booter-2.12.4.jar:2.12.4]
	at org.apache.maven.surefire.booter.ForkedBooter.main(ForkedBooter.java:75) [surefire-booter-2.12.4.jar:2.12.4]
Caused by: org.apache.commons.vfs2.FileSystemException: Expecting // to follow the scheme in URI &quot;azsb://null/***YOUR TEST CONTAINER***/uploadFile02\dir01\file01&quot;.
	at org.apache.commons.vfs2.provider.HostFileNameParser.extractToPath(HostFileNameParser.java:79) ~[commons-vfs2-2.3.jar:2.3]
	at org.apache.commons.vfs2.provider.URLFileNameParser.parseUri(URLFileNameParser.java:47) ~[commons-vfs2-2.3.jar:2.3]
	at org.apache.commons.vfs2.provider.AbstractFileProvider.parseUri(AbstractFileProvider.java:179) ~[commons-vfs2-2.3.jar:2.3]
	at org.apache.commons.vfs2.provider.AbstractOriginatingFileProvider.findFile(AbstractOriginatingFileProvider.java:49) ~[commons-vfs2-2.3.jar:2.3]
	... 39 more
22:26:55.965 [main] INFO  com.sludev.commons.vfs2.provider.azure.AzTestWatcher - A004_getContentSize(com.sludev.commons.vfs2.provider.azure.AzFileProviderTest) failed There were 2 errors:
  org.apache.commons.vfs2.FileSystemException(Invalid absolute URI &quot;azsb://null/***YOUR TEST CONTAINER***/test01.tmp&quot;.)
  org.apache.commons.vfs2.FileSystemException(Invalid absolute URI &quot;azsb://null/***YOUR TEST CONTAINER***/uploadFile02\dir01\file01&quot;.)
</system-out>
  </testcase>
  <testcase classname="com.sludev.commons.vfs2.provider.azure.AzFileProviderTest" name="A004_getContentSize" time="0.004">
    <error message="Invalid absolute URI &quot;azsb://null/***YOUR TEST CONTAINER***/uploadFile02\dir01\file01&quot;." type="org.apache.commons.vfs2.FileSystemException">org.apache.commons.vfs2.FileSystemException: Invalid absolute URI &quot;azsb://null/***YOUR TEST CONTAINER***/uploadFile02\dir01\file01&quot;.
	at org.apache.commons.vfs2.provider.AbstractOriginatingFileProvider.findFile(AbstractOriginatingFileProvider.java:51)
	at org.apache.commons.vfs2.impl.DefaultFileSystemManager.resolveFile(DefaultFileSystemManager.java:716)
	at org.apache.commons.vfs2.impl.DefaultFileSystemManager.resolveFile(DefaultFileSystemManager.java:653)
	at com.sludev.commons.vfs2.provider.azure.AzTestUtils.deleteFile(AzTestUtils.java:77)
	at com.sludev.commons.vfs2.provider.azure.AzFileProviderTest.removeFileSetup02(AzFileProviderTest.java:350)
	at com.sludev.commons.vfs2.provider.azure.AzFileProviderTest.tearDown(AzFileProviderTest.java:101)
	at java.base/jdk.internal.reflect.NativeMethodAccessorImpl.invoke0(Native Method)
	at java.base/jdk.internal.reflect.NativeMethodAccessorImpl.invoke(NativeMethodAccessorImpl.java:77)
	at java.base/jdk.internal.reflect.DelegatingMethodAccessorImpl.invoke(DelegatingMethodAccessorImpl.java:43)
	at java.base/java.lang.reflect.Method.invoke(Method.java:568)
	at org.junit.runners.model.FrameworkMethod$1.runReflectiveCall(FrameworkMethod.java:50)
	at org.junit.internal.runners.model.ReflectiveCallable.run(ReflectiveCallable.java:12)
	at org.junit.runners.model.FrameworkMethod.invokeExplosively(FrameworkMethod.java:47)
	at org.junit.internal.runners.statements.RunAfters.evaluate(RunAfters.java:33)
	at org.junit.rules.TestWatcher$1.evaluate(TestWatcher.java:55)
	at org.junit.rules.RunRules.evaluate(RunRules.java:20)
	at org.junit.runners.ParentRunner.runLeaf(ParentRunner.java:325)
	at org.junit.runners.BlockJUnit4ClassRunner.runChild(BlockJUnit4ClassRunner.java:78)
	at org.junit.runners.BlockJUnit4ClassRunner.runChild(BlockJUnit4ClassRunner.java:57)
	at org.junit.runners.ParentRunner$3.run(ParentRunner.java:290)
	at org.junit.runners.ParentRunner$1.schedule(ParentRunner.java:71)
	at org.junit.runners.ParentRunner.runChildren(ParentRunner.java:288)
	at org.junit.runners.ParentRunner.access$000(ParentRunner.java:58)
	at org.junit.runners.ParentRunner$2.evaluate(ParentRunner.java:268)
	at org.junit.internal.runners.statements.RunBefores.evaluate(RunBefores.java:26)
	at org.junit.internal.runners.statements.RunAfters.evaluate(RunAfters.java:27)
	at org.junit.runners.ParentRunner.run(ParentRunner.java:363)
	at org.apache.maven.surefire.junit4.JUnit4Provider.execute(JUnit4Provider.java:252)
	at org.apache.maven.surefire.junit4.JUnit4Provider.executeTestSet(JUnit4Provider.java:141)
	at org.apache.maven.surefire.junit4.JUnit4Provider.invoke(JUnit4Provider.java:112)
	at java.base/jdk.internal.reflect.NativeMethodAccessorImpl.invoke0(Native Method)
	at java.base/jdk.internal.reflect.NativeMethodAccessorImpl.invoke(NativeMethodAccessorImpl.java:77)
	at java.base/jdk.internal.reflect.DelegatingMethodAccessorImpl.invoke(DelegatingMethodAccessorImpl.java:43)
	at java.base/java.lang.reflect.Method.invoke(Method.java:568)
	at org.apache.maven.surefire.util.ReflectionUtils.invokeMethodWithArray(ReflectionUtils.java:189)
	at org.apache.maven.surefire.booter.ProviderFactory$ProviderProxy.invoke(ProviderFactory.java:165)
	at org.apache.maven.surefire.booter.ProviderFactory.invokeProvider(ProviderFactory.java:85)
	at org.apache.maven.surefire.booter.ForkedBooter.runSuitesInProcess(ForkedBooter.java:115)
	at org.apache.maven.surefire.booter.ForkedBooter.main(ForkedBooter.java:75)
Caused by: org.apache.commons.vfs2.FileSystemException: Expecting // to follow the scheme in URI &quot;azsb://null/***YOUR TEST CONTAINER***/uploadFile02\dir01\file01&quot;.
	at org.apache.commons.vfs2.provider.HostFileNameParser.extractToPath(HostFileNameParser.java:79)
	at org.apache.commons.vfs2.provider.URLFileNameParser.parseUri(URLFileNameParser.java:47)
	at org.apache.commons.vfs2.provider.AbstractFileProvider.parseUri(AbstractFileProvider.java:179)
	at org.apache.commons.vfs2.provider.AbstractOriginatingFileProvider.findFile(AbstractOriginatingFileProvider.java:49)
	... 38 more
</error>
  </testcase>
  <testcase classname="com.sludev.commons.vfs2.provider.azure.AzFileProviderTest" name="A005_listChildren" time="0.003">
    <error message="Invalid absolute URI &quot;azsb://null/***YOUR TEST CONTAINER***/uploadFile02&quot;." type="org.apache.commons.vfs2.FileSystemException">org.apache.commons.vfs2.FileSystemException: Invalid absolute URI &quot;azsb://null/***YOUR TEST CONTAINER***/uploadFile02&quot;.
	at org.apache.commons.vfs2.provider.AbstractOriginatingFileProvider.findFile(AbstractOriginatingFileProvider.java:51)
	at org.apache.commons.vfs2.impl.DefaultFileSystemManager.resolveFile(DefaultFileSystemManager.java:716)
	at org.apache.commons.vfs2.impl.DefaultFileSystemManager.resolveFile(DefaultFileSystemManager.java:653)
	at com.sludev.commons.vfs2.provider.azure.AzFileProviderTest.A005_listChildren(AzFileProviderTest.java:271)
	at java.base/jdk.internal.reflect.NativeMethodAccessorImpl.invoke0(Native Method)
	at java.base/jdk.internal.reflect.NativeMethodAccessorImpl.invoke(NativeMethodAccessorImpl.java:77)
	at java.base/jdk.internal.reflect.DelegatingMethodAccessorImpl.invoke(DelegatingMethodAccessorImpl.java:43)
	at java.base/java.lang.reflect.Method.invoke(Method.java:568)
	at org.junit.runners.model.FrameworkMethod$1.runReflectiveCall(FrameworkMethod.java:50)
	at org.junit.internal.runners.model.ReflectiveCallable.run(ReflectiveCallable.java:12)
	at org.junit.runners.model.FrameworkMethod.invokeExplosively(FrameworkMethod.java:47)
	at org.junit.internal.runners.statements.InvokeMethod.evaluate(InvokeMethod.java:17)
	at org.junit.internal.runners.statements.RunBefores.evaluate(RunBefores.java:26)
	at org.junit.internal.runners.statements.RunAfters.evaluate(RunAfters.java:27)
	at org.junit.rules.TestWatcher$1.evaluate(TestWatcher.java:55)
	at org.junit.rules.RunRules.evaluate(RunRules.java:20)
	at org.junit.runners.ParentRunner.runLeaf(ParentRunner.java:325)
	at org.junit.runners.BlockJUnit4ClassRunner.runChild(BlockJUnit4ClassRunner.java:78)
	at org.junit.runners.BlockJUnit4ClassRunner.runChild(BlockJUnit4ClassRunner.java:57)
	at org.junit.runners.ParentRunner$3.run(ParentRunner.java:290)
	at org.junit.runners.ParentRunner$1.schedule(ParentRunner.java:71)
	at org.junit.runners.ParentRunner.runChildren(ParentRunner.java:288)
	at org.junit.runners.ParentRunner.access$000(ParentRunner.java:58)
	at org.junit.runners.ParentRunner$2.evaluate(ParentRunner.java:268)
	at org.junit.internal.runners.statements.RunBefores.evaluate(RunBefores.java:26)
	at org.junit.internal.runners.statements.RunAfters.evaluate(RunAfters.java:27)
	at org.junit.runners.ParentRunner.run(ParentRunner.java:363)
	at org.apache.maven.surefire.junit4.JUnit4Provider.execute(JUnit4Provider.java:252)
	at org.apache.maven.surefire.junit4.JUnit4Provider.executeTestSet(JUnit4Provider.java:141)
	at org.apache.maven.surefire.junit4.JUnit4Provider.invoke(JUnit4Provider.java:112)
	at java.base/jdk.internal.reflect.NativeMethodAccessorImpl.invoke0(Native Method)
	at java.base/jdk.internal.reflect.NativeMethodAccessorImpl.invoke(NativeMethodAccessorImpl.java:77)
	at java.base/jdk.internal.reflect.DelegatingMethodAccessorImpl.invoke(DelegatingMethodAccessorImpl.java:43)
	at java.base/java.lang.reflect.Method.invoke(Method.java:568)
	at org.apache.maven.surefire.util.ReflectionUtils.invokeMethodWithArray(ReflectionUtils.java:189)
	at org.apache.maven.surefire.booter.ProviderFactory$ProviderProxy.invoke(ProviderFactory.java:165)
	at org.apache.maven.surefire.booter.ProviderFactory.invokeProvider(ProviderFactory.java:85)
	at org.apache.maven.surefire.booter.ForkedBooter.runSuitesInProcess(ForkedBooter.java:115)
	at org.apache.maven.surefire.booter.ForkedBooter.main(ForkedBooter.java:75)
Caused by: org.apache.commons.vfs2.FileSystemException: Expecting // to follow the scheme in URI &quot;azsb://null/***YOUR TEST CONTAINER***/uploadFile02&quot;.
	at org.apache.commons.vfs2.provider.HostFileNameParser.extractToPath(HostFileNameParser.java:79)
	at org.apache.commons.vfs2.provider.URLFileNameParser.parseUri(URLFileNameParser.java:47)
	at org.apache.commons.vfs2.provider.AbstractFileProvider.parseUri(AbstractFileProvider.java:179)
	at org.apache.commons.vfs2.provider.AbstractOriginatingFileProvider.findFile(AbstractOriginatingFileProvider.java:49)
	... 38 more
</error>
    <system-out>22:26:55.968 [main] DEBUG com.sludev.commons.vfs2.provider.azure.AzFileProviderTest - Error setting up remote folder structure.  Have you set the test001.properties file?
org.apache.commons.vfs2.FileSystemException: Invalid absolute URI &quot;azsb://null/***YOUR TEST CONTAINER***/uploadFile02\dir01\file01&quot;.
	at org.apache.commons.vfs2.provider.AbstractOriginatingFileProvider.findFile(AbstractOriginatingFileProvider.java:51) ~[commons-vfs2-2.3.jar:2.3]
	at org.apache.commons.vfs2.impl.DefaultFileSystemManager.resolveFile(DefaultFileSystemManager.java:716) ~[commons-vfs2-2.3.jar:2.3]
	at org.apache.commons.vfs2.impl.DefaultFileSystemManager.resolveFile(DefaultFileSystemManager.java:653) ~[commons-vfs2-2.3.jar:2.3]
	at com.sludev.commons.vfs2.provider.azure.AzTestUtils.uploadFile(AzTestUtils.java:54) ~[test-classes/:?]
	at com.sludev.commons.vfs2.provider.azure.AzFileProviderTest.uploadFileSetup02(AzFileProviderTest.java:377) ~[test-classes/:?]
	at com.sludev.commons.vfs2.provider.azure.AzFileProviderTest.setUp(AzFileProviderTest.java:80) [test-classes/:?]
	at jdk.internal.reflect.NativeMethodAccessorImpl.invoke0(Native Method) ~[?:?]
	at jdk.internal.reflect.NativeMethodAccessorImpl.invoke(NativeMethodAccessorImpl.java:77) ~[?:?]
	at jdk.internal.reflect.DelegatingMethodAccessorImpl.invoke(DelegatingMethodAccessorImpl.java:43) ~[?:?]
	at java.lang.reflect.Method.invoke(Method.java:568) ~[?:?]
	at org.junit.runners.model.FrameworkMethod$1.runReflectiveCall(FrameworkMethod.java:50) [junit-4.12.jar:4.12]
	at org.junit.internal.runners.model.ReflectiveCallable.run(ReflectiveCallable.java:12) [junit-4.12.jar:4.12]
	at org.junit.runners.model.FrameworkMethod.invokeExplosively(FrameworkMethod.java:47) [junit-4.12.jar:4.12]
	at org.junit.internal.runners.statements.RunBefores.evaluate(RunBefores.java:24) [junit-4.12.jar:4.12]
	at org.junit.internal.runners.statements.RunAfters.evaluate(RunAfters.java:27) [junit-4.12.jar:4.12]
	at org.junit.rules.TestWatcher$1.evaluate(TestWatcher.java:55) [junit-4.12.jar:4.12]
	at org.junit.rules.RunRules.evaluate(RunRules.java:20) [junit-4.12.jar:4.12]
	at org.junit.runners.ParentRunner.runLeaf(ParentRunner.java:325) [junit-4.12.jar:4.12]
	at org.junit.runners.BlockJUnit4ClassRunner.runChild(BlockJUnit4ClassRunner.java:78) [junit-4.12.jar:4.12]
	at org.junit.runners.BlockJUnit4ClassRunner.runChild(BlockJUnit4ClassRunner.java:57) [junit-4.12.jar:4.12]
	at org.junit.runners.ParentRunner$3.run(ParentRunner.java:290) [junit-4.12.jar:4.12]
	at org.junit.runners.ParentRunner$1.schedule(ParentRunner.java:71) [junit-4.12.jar:4.12]
	at org.junit.runners.ParentRunner.runChildren(ParentRunner.java:288) [junit-4.12.jar:4.12]
	at org.junit.runners.ParentRunner.access$000(ParentRunner.java:58) [junit-4.12.jar:4.12]
	at org.junit.runners.ParentRunner$2.evaluate(ParentRunner.java:268) [junit-4.12.jar:4.12]
	at org.junit.internal.runners.statements.RunBefores.evaluate(RunBefores.java:26) [junit-4.12.jar:4.12]
	at org.junit.internal.runners.statements.RunAfters.evaluate(RunAfters.java:27) [junit-4.12.jar:4.12]
	at org.junit.runners.ParentRunner.run(ParentRunner.java:363) [junit-4.12.jar:4.12]
	at org.apache.maven.surefire.junit4.JUnit4Provider.execute(JUnit4Provider.java:252) [surefire-junit4-2.12.4.jar:2.12.4]
	at org.apache.maven.surefire.junit4.JUnit4Provider.executeTestSet(JUnit4Provider.java:141) [surefire-junit4-2.12.4.jar:2.12.4]
	at org.apache.maven.surefire.junit4.JUnit4Provider.invoke(JUnit4Provider.java:112) [surefire-junit4-2.12.4.jar:2.12.4]
	at jdk.internal.reflect.NativeMethodAccessorImpl.invoke0(Native Method) ~[?:?]
	at jdk.internal.reflect.NativeMethodAccessorImpl.invoke(NativeMethodAccessorImpl.java:77) ~[?:?]
	at jdk.internal.reflect.DelegatingMethodAccessorImpl.invoke(DelegatingMethodAccessorImpl.java:43) ~[?:?]
	at java.lang.reflect.Method.invoke(Method.java:568) ~[?:?]
	at org.apache.maven.surefire.util.ReflectionUtils.invokeMethodWithArray(ReflectionUtils.java:189) [surefire-api-2.12.4.jar:2.12.4]
	at org.apache.maven.surefire.booter.ProviderFactory$ProviderProxy.invoke(ProviderFactory.java:165) [surefire-booter-2.12.4.jar:2.12.4]
	at org.apache.maven.surefire.booter.ProviderFactory.invokeProvider(ProviderFactory.java:85) [surefire-booter-2.12.4.jar:2.12.4]
	at org.apache.maven.surefire.booter.ForkedBooter.runSuitesInProcess(ForkedBooter.java:115) [surefire-booter-2.12.4.jar:2.12.4]
	at org.apache.maven.surefire.booter.ForkedBooter.main(ForkedBooter.java:75) [surefire-booter-2.12.4.jar:2.12.4]
Caused by: org.apache.commons.vfs2.FileSystemException: Expecting // to follow the scheme in URI &quot;azsb://null/***YOUR TEST CONTAINER***/uploadFile02\dir01\file01&quot;.
	at org.apache.commons.vfs2.provider.HostFileNameParser.extractToPath(HostFileNameParser.java:79) ~[commons-vfs2-2.3.jar:2.3]
	at org.apache.commons.vfs2.provider.URLFileNameParser.parseUri(URLFileNameParser.java:47) ~[commons-vfs2-2.3.jar:2.3]
	at org.apache.commons.vfs2.provider.AbstractFileProvider.parseUri(AbstractFileProvider.java:179) ~[commons-vfs2-2.3.jar:2.3]
	at org.apache.commons.vfs2.provider.AbstractOriginatingFileProvider.findFile(AbstractOriginatingFileProvider.java:49) ~[commons-vfs2-2.3.jar:2.3]
	... 39 more
22:26:55.969 [main] INFO  com.sludev.commons.vfs2.provider.azure.AzTestWatcher - A005_listChildren(com.sludev.commons.vfs2.provider.azure.AzFileProviderTest) failed There were 2 errors:
  org.apache.commons.vfs2.FileSystemException(Invalid absolute URI &quot;azsb://null/***YOUR TEST CONTAINER***/uploadFile02&quot;.)
  org.apache.commons.vfs2.FileSystemException(Invalid absolute URI &quot;azsb://null/***YOUR TEST CONTAINER***/uploadFile02\dir01\file01&quot;.)
</system-out>
  </testcase>
  <testcase classname="com.sludev.commons.vfs2.provider.azure.AzFileProviderTest" name="A005_listChildren" time="0.004">
    <error message="Invalid absolute URI &quot;azsb://null/***YOUR TEST CONTAINER***/uploadFile02\dir01\file01&quot;." type="org.apache.commons.vfs2.FileSystemException">org.apache.commons.vfs2.FileSystemException: Invalid absolute URI &quot;azsb://null/***YOUR TEST CONTAINER***/uploadFile02\dir01\file01&quot;.
	at org.apache.commons.vfs2.provider.AbstractOriginatingFileProvider.findFile(AbstractOriginatingFileProvider.java:51)
	at org.apache.commons.vfs2.impl.DefaultFileSystemManager.resolveFile(DefaultFileSystemManager.java:716)
	at org.apache.commons.vfs2.impl.DefaultFileSystemManager.resolveFile(DefaultFileSystemManager.java:653)
	at com.sludev.commons.vfs2.provider.azure.AzTestUtils.deleteFile(AzTestUtils.java:77)
	at com.sludev.commons.vfs2.provider.azure.AzFileProviderTest.removeFileSetup02(AzFileProviderTest.java:350)
	at com.sludev.commons.vfs2.provider.azure.AzFileProviderTest.tearDown(AzFileProviderTest.java:101)
	at java.base/jdk.internal.reflect.NativeMethodAccessorImpl.invoke0(Native Method)
	at java.base/jdk.internal.reflect.NativeMethodAccessorImpl.invoke(NativeMethodAccessorImpl.java:77)
	at java.base/jdk.internal.reflect.DelegatingMethodAccessorImpl.invoke(DelegatingMethodAccessorImpl.java:43)
	at java.base/java.lang.reflect.Method.invoke(Method.java:568)
	at org.junit.runners.model.FrameworkMethod$1.runReflectiveCall(FrameworkMethod.java:50)
	at org.junit.internal.runners.model.ReflectiveCallable.run(ReflectiveCallable.java:12)
	at org.junit.runners.model.FrameworkMethod.invokeExplosively(FrameworkMethod.java:47)
	at org.junit.internal.runners.statements.RunAfters.evaluate(RunAfters.java:33)
	at org.junit.rules.TestWatcher$1.evaluate(TestWatcher.java:55)
	at org.junit.rules.RunRules.evaluate(RunRules.java:20)
	at org.junit.runners.ParentRunner.runLeaf(ParentRunner.java:325)
	at org.junit.runners.BlockJUnit4ClassRunner.runChild(BlockJUnit4ClassRunner.java:78)
	at org.junit.runners.BlockJUnit4ClassRunner.runChild(BlockJUnit4ClassRunner.java:57)
	at org.junit.runners.ParentRunner$3.run(ParentRunner.java:290)
	at org.junit.runners.ParentRunner$1.schedule(ParentRunner.java:71)
	at org.junit.runners.ParentRunner.runChildren(ParentRunner.java:288)
	at org.junit.runners.ParentRunner.access$000(ParentRunner.java:58)
	at org.junit.runners.ParentRunner$2.evaluate(ParentRunner.java:268)
	at org.junit.internal.runners.statements.RunBefores.evaluate(RunBefores.java:26)
	at org.junit.internal.runners.statements.RunAfters.evaluate(RunAfters.java:27)
	at org.junit.runners.ParentRunner.run(ParentRunner.java:363)
	at org.apache.maven.surefire.junit4.JUnit4Provider.execute(JUnit4Provider.java:252)
	at org.apache.maven.surefire.junit4.JUnit4Provider.executeTestSet(JUnit4Provider.java:141)
	at org.apache.maven.surefire.junit4.JUnit4Provider.invoke(JUnit4Provider.java:112)
	at java.base/jdk.internal.reflect.NativeMethodAccessorImpl.invoke0(Native Method)
	at java.base/jdk.internal.reflect.NativeMethodAccessorImpl.invoke(NativeMethodAccessorImpl.java:77)
	at java.base/jdk.internal.reflect.DelegatingMethodAccessorImpl.invoke(DelegatingMethodAccessorImpl.java:43)
	at java.base/java.lang.reflect.Method.invoke(Method.java:568)
	at org.apache.maven.surefire.util.ReflectionUtils.invokeMethodWithArray(ReflectionUtils.java:189)
	at org.apache.maven.surefire.booter.ProviderFactory$ProviderProxy.invoke(ProviderFactory.java:165)
	at org.apache.maven.surefire.booter.ProviderFactory.invokeProvider(ProviderFactory.java:85)
	at org.apache.maven.surefire.booter.ForkedBooter.runSuitesInProcess(ForkedBooter.java:115)
	at org.apache.maven.surefire.booter.ForkedBooter.main(ForkedBooter.java:75)
Caused by: org.apache.commons.vfs2.FileSystemException: Expecting // to follow the scheme in URI &quot;azsb://null/***YOUR TEST CONTAINER***/uploadFile02\dir01\file01&quot;.
	at org.apache.commons.vfs2.provider.HostFileNameParser.extractToPath(HostFileNameParser.java:79)
	at org.apache.commons.vfs2.provider.URLFileNameParser.parseUri(URLFileNameParser.java:47)
	at org.apache.commons.vfs2.provider.AbstractFileProvider.parseUri(AbstractFileProvider.java:179)
	at org.apache.commons.vfs2.provider.AbstractOriginatingFileProvider.findFile(AbstractOriginatingFileProvider.java:49)
	... 38 more
</error>
  </testcase>
  <testcase classname="com.sludev.commons.vfs2.provider.azure.AzFileProviderTest" name="A006_testContent" time="0.003">
    <error message="Invalid absolute URI &quot;azsb://null/***YOUR TEST CONTAINER***/file05&quot;." type="org.apache.commons.vfs2.FileSystemException">org.apache.commons.vfs2.FileSystemException: Invalid absolute URI &quot;azsb://null/***YOUR TEST CONTAINER***/file05&quot;.
	at org.apache.commons.vfs2.provider.AbstractOriginatingFileProvider.findFile(AbstractOriginatingFileProvider.java:51)
	at org.apache.commons.vfs2.impl.DefaultFileSystemManager.resolveFile(DefaultFileSystemManager.java:716)
	at org.apache.commons.vfs2.impl.DefaultFileSystemManager.resolveFile(DefaultFileSystemManager.java:653)
	at com.sludev.commons.vfs2.provider.azure.AzFileProviderTest.A006_testContent(AzFileProviderTest.java:305)
	at java.base/jdk.internal.reflect.NativeMethodAccessorImpl.invoke0(Native Method)
	at java.base/jdk.internal.reflect.NativeMethodAccessorImpl.invoke(NativeMethodAccessorImpl.java:77)
	at java.base/jdk.internal.reflect.DelegatingMethodAccessorImpl.invoke(DelegatingMethodAccessorImpl.java:43)
	at java.base/java.lang.reflect.Method.invoke(Method.java:568)
	at org.junit.runners.model.FrameworkMethod$1.runReflectiveCall(FrameworkMethod.java:50)
	at org.junit.internal.runners.model.ReflectiveCallable.run(ReflectiveCallable.java:12)
	at org.junit.runners.model.FrameworkMethod.invokeExplosively(FrameworkMethod.java:47)
	at org.junit.internal.runners.statements.InvokeMethod.evaluate(InvokeMethod.java:17)
	at org.junit.internal.runners.statements.RunBefores.evaluate(RunBefores.java:26)
	at org.junit.internal.runners.statements.RunAfters.evaluate(RunAfters.java:27)
	at org.junit.rules.TestWatcher$1.evaluate(TestWatcher.java:55)
	at org.junit.rules.RunRules.evaluate(RunRules.java:20)
	at org.junit.runners.ParentRunner.runLeaf(ParentRunner.java:325)
	at org.junit.runners.BlockJUnit4ClassRunner.runChild(BlockJUnit4ClassRunner.java:78)
	at org.junit.runners.BlockJUnit4ClassRunner.runChild(BlockJUnit4ClassRunner.java:57)
	at org.junit.runners.ParentRunner$3.run(ParentRunner.java:290)
	at org.junit.runners.ParentRunner$1.schedule(ParentRunner.java:71)
	at org.junit.runners.ParentRunner.runChildren(ParentRunner.java:288)
	at org.junit.runners.ParentRunner.access$000(ParentRunner.java:58)
	at org.junit.runners.ParentRunner$2.evaluate(ParentRunner.java:268)
	at org.junit.internal.runners.statements.RunBefores.evaluate(RunBefores.java:26)
	at org.junit.internal.runners.statements.RunAfters.evaluate(RunAfters.java:27)
	at org.junit.runners.ParentRunner.run(ParentRunner.java:363)
	at org.apache.maven.surefire.junit4.JUnit4Provider.execute(JUnit4Provider.java:252)
	at org.apache.maven.surefire.junit4.JUnit4Provider.executeTestSet(JUnit4Provider.java:141)
	at org.apache.maven.surefire.junit4.JUnit4Provider.invoke(JUnit4Provider.java:112)
	at java.base/jdk.internal.reflect.NativeMethodAccessorImpl.invoke0(Native Method)
	at java.base/jdk.internal.reflect.NativeMethodAccessorImpl.invoke(NativeMethodAccessorImpl.java:77)
	at java.base/jdk.internal.reflect.DelegatingMethodAccessorImpl.invoke(DelegatingMethodAccessorImpl.java:43)
	at java.base/java.lang.reflect.Method.invoke(Method.java:568)
	at org.apache.maven.surefire.util.ReflectionUtils.invokeMethodWithArray(ReflectionUtils.java:189)
	at org.apache.maven.surefire.booter.ProviderFactory$ProviderProxy.invoke(ProviderFactory.java:165)
	at org.apache.maven.surefire.booter.ProviderFactory.invokeProvider(ProviderFactory.java:85)
	at org.apache.maven.surefire.booter.ForkedBooter.runSuitesInProcess(ForkedBooter.java:115)
	at org.apache.maven.surefire.booter.ForkedBooter.main(ForkedBooter.java:75)
Caused by: org.apache.commons.vfs2.FileSystemException: Expecting // to follow the scheme in URI &quot;azsb://null/***YOUR TEST CONTAINER***/file05&quot;.
	at org.apache.commons.vfs2.provider.HostFileNameParser.extractToPath(HostFileNameParser.java:79)
	at org.apache.commons.vfs2.provider.URLFileNameParser.parseUri(URLFileNameParser.java:47)
	at org.apache.commons.vfs2.provider.AbstractFileProvider.parseUri(AbstractFileProvider.java:179)
	at org.apache.commons.vfs2.provider.AbstractOriginatingFileProvider.findFile(AbstractOriginatingFileProvider.java:49)
	... 38 more
</error>
    <system-out>22:26:55.972 [main] DEBUG com.sludev.commons.vfs2.provider.azure.AzFileProviderTest - Error setting up remote folder structure.  Have you set the test001.properties file?
org.apache.commons.vfs2.FileSystemException: Invalid absolute URI &quot;azsb://null/***YOUR TEST CONTAINER***/uploadFile02\dir01\file01&quot;.
	at org.apache.commons.vfs2.provider.AbstractOriginatingFileProvider.findFile(AbstractOriginatingFileProvider.java:51) ~[commons-vfs2-2.3.jar:2.3]
	at org.apache.commons.vfs2.impl.DefaultFileSystemManager.resolveFile(DefaultFileSystemManager.java:716) ~[commons-vfs2-2.3.jar:2.3]
	at org.apache.commons.vfs2.impl.DefaultFileSystemManager.resolveFile(DefaultFileSystemManager.java:653) ~[commons-vfs2-2.3.jar:2.3]
	at com.sludev.commons.vfs2.provider.azure.AzTestUtils.uploadFile(AzTestUtils.java:54) ~[test-classes/:?]
	at com.sludev.commons.vfs2.provider.azure.AzFileProviderTest.uploadFileSetup02(AzFileProviderTest.java:377) ~[test-classes/:?]
	at com.sludev.commons.vfs2.provider.azure.AzFileProviderTest.setUp(AzFileProviderTest.java:80) [test-classes/:?]
	at jdk.internal.reflect.NativeMethodAccessorImpl.invoke0(Native Method) ~[?:?]
	at jdk.internal.reflect.NativeMethodAccessorImpl.invoke(NativeMethodAccessorImpl.java:77) ~[?:?]
	at jdk.internal.reflect.DelegatingMethodAccessorImpl.invoke(DelegatingMethodAccessorImpl.java:43) ~[?:?]
	at java.lang.reflect.Method.invoke(Method.java:568) ~[?:?]
	at org.junit.runners.model.FrameworkMethod$1.runReflectiveCall(FrameworkMethod.java:50) [junit-4.12.jar:4.12]
	at org.junit.internal.runners.model.ReflectiveCallable.run(ReflectiveCallable.java:12) [junit-4.12.jar:4.12]
	at org.junit.runners.model.FrameworkMethod.invokeExplosively(FrameworkMethod.java:47) [junit-4.12.jar:4.12]
	at org.junit.internal.runners.statements.RunBefores.evaluate(RunBefores.java:24) [junit-4.12.jar:4.12]
	at org.junit.internal.runners.statements.RunAfters.evaluate(RunAfters.java:27) [junit-4.12.jar:4.12]
	at org.junit.rules.TestWatcher$1.evaluate(TestWatcher.java:55) [junit-4.12.jar:4.12]
	at org.junit.rules.RunRules.evaluate(RunRules.java:20) [junit-4.12.jar:4.12]
	at org.junit.runners.ParentRunner.runLeaf(ParentRunner.java:325) [junit-4.12.jar:4.12]
	at org.junit.runners.BlockJUnit4ClassRunner.runChild(BlockJUnit4ClassRunner.java:78) [junit-4.12.jar:4.12]
	at org.junit.runners.BlockJUnit4ClassRunner.runChild(BlockJUnit4ClassRunner.java:57) [junit-4.12.jar:4.12]
	at org.junit.runners.ParentRunner$3.run(ParentRunner.java:290) [junit-4.12.jar:4.12]
	at org.junit.runners.ParentRunner$1.schedule(ParentRunner.java:71) [junit-4.12.jar:4.12]
	at org.junit.runners.ParentRunner.runChildren(ParentRunner.java:288) [junit-4.12.jar:4.12]
	at org.junit.runners.ParentRunner.access$000(ParentRunner.java:58) [junit-4.12.jar:4.12]
	at org.junit.runners.ParentRunner$2.evaluate(ParentRunner.java:268) [junit-4.12.jar:4.12]
	at org.junit.internal.runners.statements.RunBefores.evaluate(RunBefores.java:26) [junit-4.12.jar:4.12]
	at org.junit.internal.runners.statements.RunAfters.evaluate(RunAfters.java:27) [junit-4.12.jar:4.12]
	at org.junit.runners.ParentRunner.run(ParentRunner.java:363) [junit-4.12.jar:4.12]
	at org.apache.maven.surefire.junit4.JUnit4Provider.execute(JUnit4Provider.java:252) [surefire-junit4-2.12.4.jar:2.12.4]
	at org.apache.maven.surefire.junit4.JUnit4Provider.executeTestSet(JUnit4Provider.java:141) [surefire-junit4-2.12.4.jar:2.12.4]
	at org.apache.maven.surefire.junit4.JUnit4Provider.invoke(JUnit4Provider.java:112) [surefire-junit4-2.12.4.jar:2.12.4]
	at jdk.internal.reflect.NativeMethodAccessorImpl.invoke0(Native Method) ~[?:?]
	at jdk.internal.reflect.NativeMethodAccessorImpl.invoke(NativeMethodAccessorImpl.java:77) ~[?:?]
	at jdk.internal.reflect.DelegatingMethodAccessorImpl.invoke(DelegatingMethodAccessorImpl.java:43) ~[?:?]
	at java.lang.reflect.Method.invoke(Method.java:568) ~[?:?]
	at org.apache.maven.surefire.util.ReflectionUtils.invokeMethodWithArray(ReflectionUtils.java:189) [surefire-api-2.12.4.jar:2.12.4]
	at org.apache.maven.surefire.booter.ProviderFactory$ProviderProxy.invoke(ProviderFactory.java:165) [surefire-booter-2.12.4.jar:2.12.4]
	at org.apache.maven.surefire.booter.ProviderFactory.invokeProvider(ProviderFactory.java:85) [surefire-booter-2.12.4.jar:2.12.4]
	at org.apache.maven.surefire.booter.ForkedBooter.runSuitesInProcess(ForkedBooter.java:115) [surefire-booter-2.12.4.jar:2.12.4]
	at org.apache.maven.surefire.booter.ForkedBooter.main(ForkedBooter.java:75) [surefire-booter-2.12.4.jar:2.12.4]
Caused by: org.apache.commons.vfs2.FileSystemException: Expecting // to follow the scheme in URI &quot;azsb://null/***YOUR TEST CONTAINER***/uploadFile02\dir01\file01&quot;.
	at org.apache.commons.vfs2.provider.HostFileNameParser.extractToPath(HostFileNameParser.java:79) ~[commons-vfs2-2.3.jar:2.3]
	at org.apache.commons.vfs2.provider.URLFileNameParser.parseUri(URLFileNameParser.java:47) ~[commons-vfs2-2.3.jar:2.3]
	at org.apache.commons.vfs2.provider.AbstractFileProvider.parseUri(AbstractFileProvider.java:179) ~[commons-vfs2-2.3.jar:2.3]
	at org.apache.commons.vfs2.provider.AbstractOriginatingFileProvider.findFile(AbstractOriginatingFileProvider.java:49) ~[commons-vfs2-2.3.jar:2.3]
	... 39 more
22:26:55.973 [main] INFO  com.sludev.commons.vfs2.provider.azure.AzTestWatcher - A006_testContent(com.sludev.commons.vfs2.provider.azure.AzFileProviderTest) failed There were 2 errors:
  org.apache.commons.vfs2.FileSystemException(Invalid absolute URI &quot;azsb://null/***YOUR TEST CONTAINER***/file05&quot;.)
  org.apache.commons.vfs2.FileSystemException(Invalid absolute URI &quot;azsb://null/***YOUR TEST CONTAINER***/uploadFile02\dir01\file01&quot;.)
</system-out>
  </testcase>
  <testcase classname="com.sludev.commons.vfs2.provider.azure.AzFileProviderTest" name="A006_testContent" time="0.004">
    <error message="Invalid absolute URI &quot;azsb://null/***YOUR TEST CONTAINER***/uploadFile02\dir01\file01&quot;." type="org.apache.commons.vfs2.FileSystemException">org.apache.commons.vfs2.FileSystemException: Invalid absolute URI &quot;azsb://null/***YOUR TEST CONTAINER***/uploadFile02\dir01\file01&quot;.
	at org.apache.commons.vfs2.provider.AbstractOriginatingFileProvider.findFile(AbstractOriginatingFileProvider.java:51)
	at org.apache.commons.vfs2.impl.DefaultFileSystemManager.resolveFile(DefaultFileSystemManager.java:716)
	at org.apache.commons.vfs2.impl.DefaultFileSystemManager.resolveFile(DefaultFileSystemManager.java:653)
	at com.sludev.commons.vfs2.provider.azure.AzTestUtils.deleteFile(AzTestUtils.java:77)
	at com.sludev.commons.vfs2.provider.azure.AzFileProviderTest.removeFileSetup02(AzFileProviderTest.java:350)
	at com.sludev.commons.vfs2.provider.azure.AzFileProviderTest.tearDown(AzFileProviderTest.java:101)
	at java.base/jdk.internal.reflect.NativeMethodAccessorImpl.invoke0(Native Method)
	at java.base/jdk.internal.reflect.NativeMethodAccessorImpl.invoke(NativeMethodAccessorImpl.java:77)
	at java.base/jdk.internal.reflect.DelegatingMethodAccessorImpl.invoke(DelegatingMethodAccessorImpl.java:43)
	at java.base/java.lang.reflect.Method.invoke(Method.java:568)
	at org.junit.runners.model.FrameworkMethod$1.runReflectiveCall(FrameworkMethod.java:50)
	at org.junit.internal.runners.model.ReflectiveCallable.run(ReflectiveCallable.java:12)
	at org.junit.runners.model.FrameworkMethod.invokeExplosively(FrameworkMethod.java:47)
	at org.junit.internal.runners.statements.RunAfters.evaluate(RunAfters.java:33)
	at org.junit.rules.TestWatcher$1.evaluate(TestWatcher.java:55)
	at org.junit.rules.RunRules.evaluate(RunRules.java:20)
	at org.junit.runners.ParentRunner.runLeaf(ParentRunner.java:325)
	at org.junit.runners.BlockJUnit4ClassRunner.runChild(BlockJUnit4ClassRunner.java:78)
	at org.junit.runners.BlockJUnit4ClassRunner.runChild(BlockJUnit4ClassRunner.java:57)
	at org.junit.runners.ParentRunner$3.run(ParentRunner.java:290)
	at org.junit.runners.ParentRunner$1.schedule(ParentRunner.java:71)
	at org.junit.runners.ParentRunner.runChildren(ParentRunner.java:288)
	at org.junit.runners.ParentRunner.access$000(ParentRunner.java:58)
	at org.junit.runners.ParentRunner$2.evaluate(ParentRunner.java:268)
	at org.junit.internal.runners.statements.RunBefores.evaluate(RunBefores.java:26)
	at org.junit.internal.runners.statements.RunAfters.evaluate(RunAfters.java:27)
	at org.junit.runners.ParentRunner.run(ParentRunner.java:363)
	at org.apache.maven.surefire.junit4.JUnit4Provider.execute(JUnit4Provider.java:252)
	at org.apache.maven.surefire.junit4.JUnit4Provider.executeTestSet(JUnit4Provider.java:141)
	at org.apache.maven.surefire.junit4.JUnit4Provider.invoke(JUnit4Provider.java:112)
	at java.base/jdk.internal.reflect.NativeMethodAccessorImpl.invoke0(Native Method)
	at java.base/jdk.internal.reflect.NativeMethodAccessorImpl.invoke(NativeMethodAccessorImpl.java:77)
	at java.base/jdk.internal.reflect.DelegatingMethodAccessorImpl.invoke(DelegatingMethodAccessorImpl.java:43)
	at java.base/java.lang.reflect.Method.invoke(Method.java:568)
	at org.apache.maven.surefire.util.ReflectionUtils.invokeMethodWithArray(ReflectionUtils.java:189)
	at org.apache.maven.surefire.booter.ProviderFactory$ProviderProxy.invoke(ProviderFactory.java:165)
	at org.apache.maven.surefire.booter.ProviderFactory.invokeProvider(ProviderFactory.java:85)
	at org.apache.maven.surefire.booter.ForkedBooter.runSuitesInProcess(ForkedBooter.java:115)
	at org.apache.maven.surefire.booter.ForkedBooter.main(ForkedBooter.java:75)
Caused by: org.apache.commons.vfs2.FileSystemException: Expecting // to follow the scheme in URI &quot;azsb://null/***YOUR TEST CONTAINER***/uploadFile02\dir01\file01&quot;.
	at org.apache.commons.vfs2.provider.HostFileNameParser.extractToPath(HostFileNameParser.java:79)
	at org.apache.commons.vfs2.provider.URLFileNameParser.parseUri(URLFileNameParser.java:47)
	at org.apache.commons.vfs2.provider.AbstractFileProvider.parseUri(AbstractFileProvider.java:179)
	at org.apache.commons.vfs2.provider.AbstractOriginatingFileProvider.findFile(AbstractOriginatingFileProvider.java:49)
	... 38 more
</error>
  </testcase>
  <testcase classname="com.sludev.commons.vfs2.provider.azure.AzFileProviderTest" name="A007_deleteFile" time="0.003">
    <error message="Invalid absolute URI &quot;azsb://null/***YOUR TEST CONTAINER***/test01.tmp&quot;." type="org.apache.commons.vfs2.FileSystemException">org.apache.commons.vfs2.FileSystemException: Invalid absolute URI &quot;azsb://null/***YOUR TEST CONTAINER***/test01.tmp&quot;.
	at org.apache.commons.vfs2.provider.AbstractOriginatingFileProvider.findFile(AbstractOriginatingFileProvider.java:51)
	at org.apache.commons.vfs2.impl.DefaultFileSystemManager.resolveFile(DefaultFileSystemManager.java:716)
	at org.apache.commons.vfs2.impl.DefaultFileSystemManager.resolveFile(DefaultFileSystemManager.java:653)
	at com.sludev.commons.vfs2.provider.azure.AzFileProviderTest.A007_deleteFile(AzFileProviderTest.java:335)
	at java.base/jdk.internal.reflect.NativeMethodAccessorImpl.invoke0(Native Method)
	at java.base/jdk.internal.reflect.NativeMethodAccessorImpl.invoke(NativeMethodAccessorImpl.java:77)
	at java.base/jdk.internal.reflect.DelegatingMethodAccessorImpl.invoke(DelegatingMethodAccessorImpl.java:43)
	at java.base/java.lang.reflect.Method.invoke(Method.java:568)
	at org.junit.runners.model.FrameworkMethod$1.runReflectiveCall(FrameworkMethod.java:50)
	at org.junit.internal.runners.model.ReflectiveCallable.run(ReflectiveCallable.java:12)
	at org.junit.runners.model.FrameworkMethod.invokeExplosively(FrameworkMethod.java:47)
	at org.junit.internal.runners.statements.InvokeMethod.evaluate(InvokeMethod.java:17)
	at org.junit.internal.runners.statements.RunBefores.evaluate(RunBefores.java:26)
	at org.junit.internal.runners.statements.RunAfters.evaluate(RunAfters.java:27)
	at org.junit.rules.TestWatcher$1.evaluate(TestWatcher.java:55)
	at org.junit.rules.RunRules.evaluate(RunRules.java:20)
	at org.junit.runners.ParentRunner.runLeaf(ParentRunner.java:325)
	at org.junit.runners.BlockJUnit4ClassRunner.runChild(BlockJUnit4ClassRunner.java:78)
	at org.junit.runners.BlockJUnit4ClassRunner.runChild(BlockJUnit4ClassRunner.java:57)
	at org.junit.runners.ParentRunner$3.run(ParentRunner.java:290)
	at org.junit.runners.ParentRunner$1.schedule(ParentRunner.java:71)
	at org.junit.runners.ParentRunner.runChildren(ParentRunner.java:288)
	at org.junit.runners.ParentRunner.access$000(ParentRunner.java:58)
	at org.junit.runners.ParentRunner$2.evaluate(ParentRunner.java:268)
	at org.junit.internal.runners.statements.RunBefores.evaluate(RunBefores.java:26)
	at org.junit.internal.runners.statements.RunAfters.evaluate(RunAfters.java:27)
	at org.junit.runners.ParentRunner.run(ParentRunner.java:363)
	at org.apache.maven.surefire.junit4.JUnit4Provider.execute(JUnit4Provider.java:252)
	at org.apache.maven.surefire.junit4.JUnit4Provider.executeTestSet(JUnit4Provider.java:141)
	at org.apache.maven.surefire.junit4.JUnit4Provider.invoke(JUnit4Provider.java:112)
	at java.base/jdk.internal.reflect.NativeMethodAccessorImpl.invoke0(Native Method)
	at java.base/jdk.internal.reflect.NativeMethodAccessorImpl.invoke(NativeMethodAccessorImpl.java:77)
	at java.base/jdk.internal.reflect.DelegatingMethodAccessorImpl.invoke(DelegatingMethodAccessorImpl.java:43)
	at java.base/java.lang.reflect.Method.invoke(Method.java:568)
	at org.apache.maven.surefire.util.ReflectionUtils.invokeMethodWithArray(ReflectionUtils.java:189)
	at org.apache.maven.surefire.booter.ProviderFactory$ProviderProxy.invoke(ProviderFactory.java:165)
	at org.apache.maven.surefire.booter.ProviderFactory.invokeProvider(ProviderFactory.java:85)
	at org.apache.maven.surefire.booter.ForkedBooter.runSuitesInProcess(ForkedBooter.java:115)
	at org.apache.maven.surefire.booter.ForkedBooter.main(ForkedBooter.java:75)
Caused by: org.apache.commons.vfs2.FileSystemException: Expecting // to follow the scheme in URI &quot;azsb://null/***YOUR TEST CONTAINER***/test01.tmp&quot;.
	at org.apache.commons.vfs2.provider.HostFileNameParser.extractToPath(HostFileNameParser.java:79)
	at org.apache.commons.vfs2.provider.URLFileNameParser.parseUri(URLFileNameParser.java:47)
	at org.apache.commons.vfs2.provider.AbstractFileProvider.parseUri(AbstractFileProvider.java:179)
	at org.apache.commons.vfs2.provider.AbstractOriginatingFileProvider.findFile(AbstractOriginatingFileProvider.java:49)
	... 38 more
</error>
    <system-out>22:26:55.975 [main] DEBUG com.sludev.commons.vfs2.provider.azure.AzFileProviderTest - Error setting up remote folder structure.  Have you set the test001.properties file?
org.apache.commons.vfs2.FileSystemException: Invalid absolute URI &quot;azsb://null/***YOUR TEST CONTAINER***/uploadFile02\dir01\file01&quot;.
	at org.apache.commons.vfs2.provider.AbstractOriginatingFileProvider.findFile(AbstractOriginatingFileProvider.java:51) ~[commons-vfs2-2.3.jar:2.3]
	at org.apache.commons.vfs2.impl.DefaultFileSystemManager.resolveFile(DefaultFileSystemManager.java:716) ~[commons-vfs2-2.3.jar:2.3]
	at org.apache.commons.vfs2.impl.DefaultFileSystemManager.resolveFile(DefaultFileSystemManager.java:653) ~[commons-vfs2-2.3.jar:2.3]
	at com.sludev.commons.vfs2.provider.azure.AzTestUtils.uploadFile(AzTestUtils.java:54) ~[test-classes/:?]
	at com.sludev.commons.vfs2.provider.azure.AzFileProviderTest.uploadFileSetup02(AzFileProviderTest.java:377) ~[test-classes/:?]
	at com.sludev.commons.vfs2.provider.azure.AzFileProviderTest.setUp(AzFileProviderTest.java:80) [test-classes/:?]
	at jdk.internal.reflect.NativeMethodAccessorImpl.invoke0(Native Method) ~[?:?]
	at jdk.internal.reflect.NativeMethodAccessorImpl.invoke(NativeMethodAccessorImpl.java:77) ~[?:?]
	at jdk.internal.reflect.DelegatingMethodAccessorImpl.invoke(DelegatingMethodAccessorImpl.java:43) ~[?:?]
	at java.lang.reflect.Method.invoke(Method.java:568) ~[?:?]
	at org.junit.runners.model.FrameworkMethod$1.runReflectiveCall(FrameworkMethod.java:50) [junit-4.12.jar:4.12]
	at org.junit.internal.runners.model.ReflectiveCallable.run(ReflectiveCallable.java:12) [junit-4.12.jar:4.12]
	at org.junit.runners.model.FrameworkMethod.invokeExplosively(FrameworkMethod.java:47) [junit-4.12.jar:4.12]
	at org.junit.internal.runners.statements.RunBefores.evaluate(RunBefores.java:24) [junit-4.12.jar:4.12]
	at org.junit.internal.runners.statements.RunAfters.evaluate(RunAfters.java:27) [junit-4.12.jar:4.12]
	at org.junit.rules.TestWatcher$1.evaluate(TestWatcher.java:55) [junit-4.12.jar:4.12]
	at org.junit.rules.RunRules.evaluate(RunRules.java:20) [junit-4.12.jar:4.12]
	at org.junit.runners.ParentRunner.runLeaf(ParentRunner.java:325) [junit-4.12.jar:4.12]
	at org.junit.runners.BlockJUnit4ClassRunner.runChild(BlockJUnit4ClassRunner.java:78) [junit-4.12.jar:4.12]
	at org.junit.runners.BlockJUnit4ClassRunner.runChild(BlockJUnit4ClassRunner.java:57) [junit-4.12.jar:4.12]
	at org.junit.runners.ParentRunner$3.run(ParentRunner.java:290) [junit-4.12.jar:4.12]
	at org.junit.runners.ParentRunner$1.schedule(ParentRunner.java:71) [junit-4.12.jar:4.12]
	at org.junit.runners.ParentRunner.runChildren(ParentRunner.java:288) [junit-4.12.jar:4.12]
	at org.junit.runners.ParentRunner.access$000(ParentRunner.java:58) [junit-4.12.jar:4.12]
	at org.junit.runners.ParentRunner$2.evaluate(ParentRunner.java:268) [junit-4.12.jar:4.12]
	at org.junit.internal.runners.statements.RunBefores.evaluate(RunBefores.java:26) [junit-4.12.jar:4.12]
	at org.junit.internal.runners.statements.RunAfters.evaluate(RunAfters.java:27) [junit-4.12.jar:4.12]
	at org.junit.runners.ParentRunner.run(ParentRunner.java:363) [junit-4.12.jar:4.12]
	at org.apache.maven.surefire.junit4.JUnit4Provider.execute(JUnit4Provider.java:252) [surefire-junit4-2.12.4.jar:2.12.4]
	at org.apache.maven.surefire.junit4.JUnit4Provider.executeTestSet(JUnit4Provider.java:141) [surefire-junit4-2.12.4.jar:2.12.4]
	at org.apache.maven.surefire.junit4.JUnit4Provider.invoke(JUnit4Provider.java:112) [surefire-junit4-2.12.4.jar:2.12.4]
	at jdk.internal.reflect.NativeMethodAccessorImpl.invoke0(Native Method) ~[?:?]
	at jdk.internal.reflect.NativeMethodAccessorImpl.invoke(NativeMethodAccessorImpl.java:77) ~[?:?]
	at jdk.internal.reflect.DelegatingMethodAccessorImpl.invoke(DelegatingMethodAccessorImpl.java:43) ~[?:?]
	at java.lang.reflect.Method.invoke(Method.java:568) ~[?:?]
	at org.apache.maven.surefire.util.ReflectionUtils.invokeMethodWithArray(ReflectionUtils.java:189) [surefire-api-2.12.4.jar:2.12.4]
	at org.apache.maven.surefire.booter.ProviderFactory$ProviderProxy.invoke(ProviderFactory.java:165) [surefire-booter-2.12.4.jar:2.12.4]
	at org.apache.maven.surefire.booter.ProviderFactory.invokeProvider(ProviderFactory.java:85) [surefire-booter-2.12.4.jar:2.12.4]
	at org.apache.maven.surefire.booter.ForkedBooter.runSuitesInProcess(ForkedBooter.java:115) [surefire-booter-2.12.4.jar:2.12.4]
	at org.apache.maven.surefire.booter.ForkedBooter.main(ForkedBooter.java:75) [surefire-booter-2.12.4.jar:2.12.4]
Caused by: org.apache.commons.vfs2.FileSystemException: Expecting // to follow the scheme in URI &quot;azsb://null/***YOUR TEST CONTAINER***/uploadFile02\dir01\file01&quot;.
	at org.apache.commons.vfs2.provider.HostFileNameParser.extractToPath(HostFileNameParser.java:79) ~[commons-vfs2-2.3.jar:2.3]
	at org.apache.commons.vfs2.provider.URLFileNameParser.parseUri(URLFileNameParser.java:47) ~[commons-vfs2-2.3.jar:2.3]
	at org.apache.commons.vfs2.provider.AbstractFileProvider.parseUri(AbstractFileProvider.java:179) ~[commons-vfs2-2.3.jar:2.3]
	at org.apache.commons.vfs2.provider.AbstractOriginatingFileProvider.findFile(AbstractOriginatingFileProvider.java:49) ~[commons-vfs2-2.3.jar:2.3]
	... 39 more
22:26:55.977 [main] INFO  com.sludev.commons.vfs2.provider.azure.AzTestWatcher - A007_deleteFile(com.sludev.commons.vfs2.provider.azure.AzFileProviderTest) failed There were 2 errors:
  org.apache.commons.vfs2.FileSystemException(Invalid absolute URI &quot;azsb://null/***YOUR TEST CONTAINER***/test01.tmp&quot;.)
  org.apache.commons.vfs2.FileSystemException(Invalid absolute URI &quot;azsb://null/***YOUR TEST CONTAINER***/uploadFile02\dir01\file01&quot;.)
</system-out>
  </testcase>
  <testcase classname="com.sludev.commons.vfs2.provider.azure.AzFileProviderTest" name="A007_deleteFile" time="0.003">
    <error message="Invalid absolute URI &quot;azsb://null/***YOUR TEST CONTAINER***/uploadFile02\dir01\file01&quot;." type="org.apache.commons.vfs2.FileSystemException">org.apache.commons.vfs2.FileSystemException: Invalid absolute URI &quot;azsb://null/***YOUR TEST CONTAINER***/uploadFile02\dir01\file01&quot;.
	at org.apache.commons.vfs2.provider.AbstractOriginatingFileProvider.findFile(AbstractOriginatingFileProvider.java:51)
	at org.apache.commons.vfs2.impl.DefaultFileSystemManager.resolveFile(DefaultFileSystemManager.java:716)
	at org.apache.commons.vfs2.impl.DefaultFileSystemManager.resolveFile(DefaultFileSystemManager.java:653)
	at com.sludev.commons.vfs2.provider.azure.AzTestUtils.deleteFile(AzTestUtils.java:77)
	at com.sludev.commons.vfs2.provider.azure.AzFileProviderTest.removeFileSetup02(AzFileProviderTest.java:350)
	at com.sludev.commons.vfs2.provider.azure.AzFileProviderTest.tearDown(AzFileProviderTest.java:101)
	at java.base/jdk.internal.reflect.NativeMethodAccessorImpl.invoke0(Native Method)
	at java.base/jdk.internal.reflect.NativeMethodAccessorImpl.invoke(NativeMethodAccessorImpl.java:77)
	at java.base/jdk.internal.reflect.DelegatingMethodAccessorImpl.invoke(DelegatingMethodAccessorImpl.java:43)
	at java.base/java.lang.reflect.Method.invoke(Method.java:568)
	at org.junit.runners.model.FrameworkMethod$1.runReflectiveCall(FrameworkMethod.java:50)
	at org.junit.internal.runners.model.ReflectiveCallable.run(ReflectiveCallable.java:12)
	at org.junit.runners.model.FrameworkMethod.invokeExplosively(FrameworkMethod.java:47)
	at org.junit.internal.runners.statements.RunAfters.evaluate(RunAfters.java:33)
	at org.junit.rules.TestWatcher$1.evaluate(TestWatcher.java:55)
	at org.junit.rules.RunRules.evaluate(RunRules.java:20)
	at org.junit.runners.ParentRunner.runLeaf(ParentRunner.java:325)
	at org.junit.runners.BlockJUnit4ClassRunner.runChild(BlockJUnit4ClassRunner.java:78)
	at org.junit.runners.BlockJUnit4ClassRunner.runChild(BlockJUnit4ClassRunner.java:57)
	at org.junit.runners.ParentRunner$3.run(ParentRunner.java:290)
	at org.junit.runners.ParentRunner$1.schedule(ParentRunner.java:71)
	at org.junit.runners.ParentRunner.runChildren(ParentRunner.java:288)
	at org.junit.runners.ParentRunner.access$000(ParentRunner.java:58)
	at org.junit.runners.ParentRunner$2.evaluate(ParentRunner.java:268)
	at org.junit.internal.runners.statements.RunBefores.evaluate(RunBefores.java:26)
	at org.junit.internal.runners.statements.RunAfters.evaluate(RunAfters.java:27)
	at org.junit.runners.ParentRunner.run(ParentRunner.java:363)
	at org.apache.maven.surefire.junit4.JUnit4Provider.execute(JUnit4Provider.java:252)
	at org.apache.maven.surefire.junit4.JUnit4Provider.executeTestSet(JUnit4Provider.java:141)
	at org.apache.maven.surefire.junit4.JUnit4Provider.invoke(JUnit4Provider.java:112)
	at java.base/jdk.internal.reflect.NativeMethodAccessorImpl.invoke0(Native Method)
	at java.base/jdk.internal.reflect.NativeMethodAccessorImpl.invoke(NativeMethodAccessorImpl.java:77)
	at java.base/jdk.internal.reflect.DelegatingMethodAccessorImpl.invoke(DelegatingMethodAccessorImpl.java:43)
	at java.base/java.lang.reflect.Method.invoke(Method.java:568)
	at org.apache.maven.surefire.util.ReflectionUtils.invokeMethodWithArray(ReflectionUtils.java:189)
	at org.apache.maven.surefire.booter.ProviderFactory$ProviderProxy.invoke(ProviderFactory.java:165)
	at org.apache.maven.surefire.booter.ProviderFactory.invokeProvider(ProviderFactory.java:85)
	at org.apache.maven.surefire.booter.ForkedBooter.runSuitesInProcess(ForkedBooter.java:115)
	at org.apache.maven.surefire.booter.ForkedBooter.main(ForkedBooter.java:75)
Caused by: org.apache.commons.vfs2.FileSystemException: Expecting // to follow the scheme in URI &quot;azsb://null/***YOUR TEST CONTAINER***/uploadFile02\dir01\file01&quot;.
	at org.apache.commons.vfs2.provider.HostFileNameParser.extractToPath(HostFileNameParser.java:79)
	at org.apache.commons.vfs2.provider.URLFileNameParser.parseUri(URLFileNameParser.java:47)
	at org.apache.commons.vfs2.provider.AbstractFileProvider.parseUri(AbstractFileProvider.java:179)
	at org.apache.commons.vfs2.provider.AbstractOriginatingFileProvider.findFile(AbstractOriginatingFileProvider.java:49)
	... 38 more
</error>
  </testcase>
</testsuite>